#
# There is insufficient memory for the Java Runtime Environment to continue.
# Native memory allocation (malloc) failed to allocate 32744 bytes for ChunkPool::allocate
# Possible reasons:
#   The system is out of physical RAM or swap space
#   In 32 bit mode, the process size limit was hit
# Possible solutions:
#   Reduce memory load on the system
#   Increase physical memory or swap space
#   Check if swap backing store is full
#   Use 64 bit Java on a 64 bit OS
#   Decrease Java heap size (-Xmx/-Xms)
#   Decrease number of Java threads
#   Decrease Java thread stack sizes (-Xss)
#   Set larger code cache with -XX:ReservedCodeCacheSize=
# This output file may be truncated or incomplete.
#
#  Out of Memory Error (allocation.cpp:271), pid=5696, tid=8128
#
# JRE version: Java(TM) SE Runtime Environment (8.0_11-b12) (build 1.8.0_11-b12)
# Java VM: Java HotSpot(TM) 64-Bit Server VM (25.11-b03 mixed mode windows-amd64 compressed oops)
# Failed to write core dump. Minidumps are not enabled by default on client versions of Windows
#

---------------  T H R E A D  ---------------

Current thread (0x000000001e690800):  JavaThread "C2 CompilerThread0" daemon [_thread_in_native, id=8128, stack(0x000000001eb80000,0x000000001ec80000)]

Stack: [0x000000001eb80000,0x000000001ec80000]
Native frames: (J=compiled Java code, j=interpreted, Vv=VM code, C=native code)
V  [jvm.dll+0x308eca]


Current CompileTask:
C2:12635350 1987       4       java.util.regex.Matcher::match (109 bytes)


---------------  P R O C E S S  ---------------

Java Threads: ( => current thread )
  0x000000001f7f2800 JavaThread "Okio Watchdog" daemon [_thread_blocked, id=4996, stack(0x000000001ff80000,0x0000000020080000)]
  0x000000001f670000 JavaThread "OkHttp ConnectionPool" daemon [_thread_blocked, id=2460, stack(0x000000001fe80000,0x000000001ff80000)]
  0x000000001e69f800 JavaThread "Service Thread" daemon [_thread_blocked, id=14848, stack(0x000000001ef80000,0x000000001f080000)]
  0x000000001e69f000 JavaThread "C1 CompilerThread3" daemon [_thread_blocked, id=16448, stack(0x000000001ee80000,0x000000001ef80000)]
  0x000000001e694000 JavaThread "C2 CompilerThread2" daemon [_thread_blocked, id=9128, stack(0x000000001ed80000,0x000000001ee80000)]
  0x000000001e691000 JavaThread "C2 CompilerThread1" daemon [_thread_blocked, id=15848, stack(0x000000001ec80000,0x000000001ed80000)]
=>0x000000001e690800 JavaThread "C2 CompilerThread0" daemon [_thread_in_native, id=8128, stack(0x000000001eb80000,0x000000001ec80000)]
  0x000000001e648000 JavaThread "Monitor Ctrl-Break" daemon [_thread_in_native, id=3384, stack(0x000000001ea80000,0x000000001eb80000)]
  0x000000001e510800 JavaThread "Attach Listener" daemon [_thread_blocked, id=8052, stack(0x000000001e980000,0x000000001ea80000)]
  0x000000001e4c6800 JavaThread "Signal Dispatcher" daemon [_thread_blocked, id=18760, stack(0x000000001e880000,0x000000001e980000)]
  0x0000000002abc800 JavaThread "Finalizer" daemon [_thread_blocked, id=12788, stack(0x000000001e380000,0x000000001e480000)]
  0x0000000002ab4000 JavaThread "Reference Handler" daemon [_thread_blocked, id=14900, stack(0x000000001e280000,0x000000001e380000)]
  0x00000000029c4800 JavaThread "main" [_thread_blocked, id=956, stack(0x0000000002670000,0x0000000002770000)]

Other Threads:
  0x000000001c477000 VMThread [stack: 0x000000001e180000,0x000000001e280000] [id=11744]
  0x000000001e734800 WatcherThread [stack: 0x000000001f080000,0x000000001f180000] [id=19040]

VM state:not at safepoint (normal execution)

VM Mutex/Monitor currently owned by a thread: None

Heap:
 PSYoungGen      total 10752K, used 5456K [0x000000076b700000, 0x000000076c980000, 0x00000007c0000000)
  eden space 10240K, 49% used [0x000000076b700000,0x000000076bbfff90,0x000000076c100000)
  from space 512K, 65% used [0x000000076c600000,0x000000076c654230,0x000000076c680000)
  to   space 2048K, 0% used [0x000000076c780000,0x000000076c780000,0x000000076c980000)
 ParOldGen       total 258560K, used 5408K [0x00000006c2400000, 0x00000006d2080000, 0x000000076b700000)
  object space 258560K, 2% used [0x00000006c2400000,0x00000006c2948080,0x00000006d2080000)
 Metaspace       used 13333K, capacity 13504K, committed 13824K, reserved 1060864K
  class space    used 1425K, capacity 1498K, committed 1536K, reserved 1048576K

Card table byte_map: [0x0000000011e80000,0x0000000012670000] byte_map_base: 0x000000000e86e000

Marking Bits: (ParMarkBitMap*) 0x0000000075b712b0
 Begin Bits: [0x00000000133c0000, 0x0000000017330000)
 End Bits:   [0x0000000017330000, 0x000000001b2a0000)

Polling page: 0x0000000002770000

CodeCache: size=245760Kb used=6600Kb max_used=6871Kb free=239159Kb
 bounds [0x0000000002ac0000, 0x0000000003180000, 0x0000000011ac0000]
 total_blobs=2258 nmethods=1873 adapters=298
 compilation: enabled

Compilation events (10 events):
Event: 12363.265 Thread 0x000000001e69f000 1982       3       sun.security.jca.Providers::getProviderList (14 bytes)
Event: 12363.265 Thread 0x000000001e69f000 nmethod 1982 0x0000000002dc4950 code [0x0000000002dc4ae0, 0x0000000002dc4ea8]
Event: 12363.266 Thread 0x000000001e691000 nmethod 1983 0x0000000002bcef90 code [0x0000000002bcf0c0, 0x0000000002bcf2b8]
Event: 12363.553 Thread 0x000000001e69f000 1984       3       java.util.TreeMap::get (19 bytes)
Event: 12363.554 Thread 0x000000001e69f000 nmethod 1984 0x0000000002c3e690 code [0x0000000002c3e800, 0x0000000002c3ea68]
Event: 12393.863 Thread 0x000000001e690800 1985       4       java.util.ArrayList::toArray (60 bytes)
Event: 12393.877 Thread 0x000000001e690800 nmethod 1985 0x0000000002eacb10 code [0x0000000002eacc60, 0x0000000002ead178]
Event: 12514.696 Thread 0x000000001e69f000 1986       1       sun.security.ssl.InputRecord::contentType (7 bytes)
Event: 12514.696 Thread 0x000000001e69f000 nmethod 1986 0x0000000002c51050 code [0x0000000002c511a0, 0x0000000002c512d0]
Event: 12635.285 Thread 0x000000001e690800 1987       4       java.util.regex.Matcher::match (109 bytes)

GC Heap History (10 events):
Event: 1.088 GC heap before
{Heap before GC invocations=11 (full 0):
 PSYoungGen      total 7168K, used 7168K [0x000000076b700000, 0x000000076c080000, 0x00000007c0000000)
  eden space 6144K, 100% used [0x000000076b700000,0x000000076bd00000,0x000000076bd00000)
  from space 1024K, 100% used [0x000000076be80000,0x000000076bf80000,0x000000076bf80000)
  to   space 1536K, 0% used [0x000000076bd00000,0x000000076bd00000,0x000000076be80000)
 ParOldGen       total 258560K, used 1893K [0x00000006c2400000, 0x00000006d2080000, 0x000000076b700000)
  object space 258560K, 0% used [0x00000006c2400000,0x00000006c25d96f8,0x00000006d2080000)
 Metaspace       used 8725K, capacity 8868K, committed 9088K, reserved 1056768K
  class space    used 1010K, capacity 1088K, committed 1152K, reserved 1048576K
Event: 1.090 GC heap after
Heap after GC invocations=11 (full 0):
 PSYoungGen      total 7680K, used 1128K [0x000000076b700000, 0x000000076c400000, 0x00000007c0000000)
  eden space 6144K, 0% used [0x000000076b700000,0x000000076b700000,0x000000076bd00000)
  from space 1536K, 73% used [0x000000076bd00000,0x000000076be1a0e8,0x000000076be80000)
  to   space 1536K, 0% used [0x000000076c280000,0x000000076c280000,0x000000076c400000)
 ParOldGen       total 258560K, used 2961K [0x00000006c2400000, 0x00000006d2080000, 0x000000076b700000)
  object space 258560K, 1% used [0x00000006c2400000,0x00000006c26e4708,0x00000006d2080000)
 Metaspace       used 8725K, capacity 8868K, committed 9088K, reserved 1056768K
  class space    used 1010K, capacity 1088K, committed 1152K, reserved 1048576K
}
Event: 1.237 GC heap before
{Heap before GC invocations=12 (full 0):
 PSYoungGen      total 7680K, used 7272K [0x000000076b700000, 0x000000076c400000, 0x00000007c0000000)
  eden space 6144K, 100% used [0x000000076b700000,0x000000076bd00000,0x000000076bd00000)
  from space 1536K, 73% used [0x000000076bd00000,0x000000076be1a0e8,0x000000076be80000)
  to   space 1536K, 0% used [0x000000076c280000,0x000000076c280000,0x000000076c400000)
 ParOldGen       total 258560K, used 2961K [0x00000006c2400000, 0x00000006d2080000, 0x000000076b700000)
  object space 258560K, 1% used [0x00000006c2400000,0x00000006c26e4708,0x00000006d2080000)
 Metaspace       used 9976K, capacity 10180K, committed 10496K, reserved 1058816K
  class space    used 1124K, capacity 1184K, committed 1280K, reserved 1048576K
Event: 1.239 GC heap after
Heap after GC invocations=12 (full 0):
 PSYoungGen      total 11776K, used 1049K [0x000000076b700000, 0x000000076c400000, 0x00000007c0000000)
  eden space 10240K, 0% used [0x000000076b700000,0x000000076b700000,0x000000076c100000)
  from space 1536K, 68% used [0x000000076c280000,0x000000076c386450,0x000000076c400000)
  to   space 1536K, 0% used [0x000000076c100000,0x000000076c100000,0x000000076c280000)
 ParOldGen       total 258560K, used 3582K [0x00000006c2400000, 0x00000006d2080000, 0x000000076b700000)
  object space 258560K, 1% used [0x00000006c2400000,0x00000006c277fa60,0x00000006d2080000)
 Metaspace       used 9976K, capacity 10180K, committed 10496K, reserved 1058816K
  class space    used 1124K, capacity 1184K, committed 1280K, reserved 1048576K
}
Event: 2.693 GC heap before
{Heap before GC invocations=13 (full 0):
 PSYoungGen      total 11776K, used 11289K [0x000000076b700000, 0x000000076c400000, 0x00000007c0000000)
  eden space 10240K, 100% used [0x000000076b700000,0x000000076c100000,0x000000076c100000)
  from space 1536K, 68% used [0x000000076c280000,0x000000076c386450,0x000000076c400000)
  to   space 1536K, 0% used [0x000000076c100000,0x000000076c100000,0x000000076c280000)
 ParOldGen       total 258560K, used 3582K [0x00000006c2400000, 0x00000006d2080000, 0x000000076b700000)
  object space 258560K, 1% used [0x00000006c2400000,0x00000006c277fa60,0x00000006d2080000)
 Metaspace       used 12293K, capacity 12526K, committed 12800K, reserved 1060864K
  class space    used 1372K, capacity 1431K, committed 1536K, reserved 1048576K
Event: 2.698 GC heap after
Heap after GC invocations=13 (full 0):
 PSYoungGen      total 11776K, used 1506K [0x000000076b700000, 0x000000076cb00000, 0x00000007c0000000)
  eden space 10240K, 0% used [0x000000076b700000,0x000000076b700000,0x000000076c100000)
  from space 1536K, 98% used [0x000000076c100000,0x000000076c278a70,0x000000076c280000)
  to   space 2048K, 0% used [0x000000076c900000,0x000000076c900000,0x000000076cb00000)
 ParOldGen       total 258560K, used 4633K [0x00000006c2400000, 0x00000006d2080000, 0x000000076b700000)
  object space 258560K, 1% used [0x00000006c2400000,0x00000006c2886790,0x00000006d2080000)
 Metaspace       used 12293K, capacity 12526K, committed 12800K, reserved 1060864K
  class space    used 1372K, capacity 1431K, committed 1536K, reserved 1048576K
}
Event: 3806.527 GC heap before
{Heap before GC invocations=14 (full 0):
 PSYoungGen      total 11776K, used 11746K [0x000000076b700000, 0x000000076cb00000, 0x00000007c0000000)
  eden space 10240K, 100% used [0x000000076b700000,0x000000076c100000,0x000000076c100000)
  from space 1536K, 98% used [0x000000076c100000,0x000000076c278a70,0x000000076c280000)
  to   space 2048K, 0% used [0x000000076c900000,0x000000076c900000,0x000000076cb00000)
 ParOldGen       total 258560K, used 4633K [0x00000006c2400000, 0x00000006d2080000, 0x000000076b700000)
  object space 258560K, 1% used [0x00000006c2400000,0x00000006c2886790,0x00000006d2080000)
 Metaspace       used 13009K, capacity 13204K, committed 13568K, reserved 1060864K
  class space    used 1423K, capacity 1464K, committed 1536K, reserved 1048576K
Event: 3806.531 GC heap after
Heap after GC invocations=14 (full 0):
 PSYoungGen      total 11264K, used 866K [0x000000076b700000, 0x000000076ca00000, 0x00000007c0000000)
  eden space 10240K, 0% used [0x000000076b700000,0x000000076b700000,0x000000076c100000)
  from space 1024K, 84% used [0x000000076c900000,0x000000076c9d88d0,0x000000076ca00000)
  to   space 2048K, 0% used [0x000000076c600000,0x000000076c600000,0x000000076c800000)
 ParOldGen       total 258560K, used 5261K [0x00000006c2400000, 0x00000006d2080000, 0x000000076b700000)
  object space 258560K, 2% used [0x00000006c2400000,0x00000006c2923410,0x00000006d2080000)
 Metaspace       used 13009K, capacity 13204K, committed 13568K, reserved 1060864K
  class space    used 1423K, capacity 1464K, committed 1536K, reserved 1048576K
}
Event: 9709.100 GC heap before
{Heap before GC invocations=15 (full 0):
 PSYoungGen      total 11264K, used 11106K [0x000000076b700000, 0x000000076ca00000, 0x00000007c0000000)
  eden space 10240K, 100% used [0x000000076b700000,0x000000076c100000,0x000000076c100000)
  from space 1024K, 84% used [0x000000076c900000,0x000000076c9d88d0,0x000000076ca00000)
  to   space 2048K, 0% used [0x000000076c600000,0x000000076c600000,0x000000076c800000)
 ParOldGen       total 258560K, used 5261K [0x00000006c2400000, 0x00000006d2080000, 0x000000076b700000)
  object space 258560K, 2% used [0x00000006c2400000,0x00000006c2923410,0x00000006d2080000)
 Metaspace       used 13215K, capacity 13408K, committed 13568K, reserved 1060864K
  class space    used 1425K, capacity 1466K, committed 1536K, reserved 1048576K
Event: 9709.105 GC heap after
Heap after GC invocations=15 (full 0):
 PSYoungGen      total 10752K, used 336K [0x000000076b700000, 0x000000076c980000, 0x00000007c0000000)
  eden space 10240K, 0% used [0x000000076b700000,0x000000076b700000,0x000000076c100000)
  from space 512K, 65% used [0x000000076c600000,0x000000076c654230,0x000000076c680000)
  to   space 2048K, 0% used [0x000000076c780000,0x000000076c780000,0x000000076c980000)
 ParOldGen       total 258560K, used 5408K [0x00000006c2400000, 0x00000006d2080000, 0x000000076b700000)
  object space 258560K, 2% used [0x00000006c2400000,0x00000006c2948080,0x00000006d2080000)
 Metaspace       used 13215K, capacity 13408K, committed 13568K, reserved 1060864K
  class space    used 1425K, capacity 1466K, committed 1536K, reserved 1048576K
}

Deoptimization events (9 events):
Event: 0.622 Thread 0x00000000029c4800 Uncommon trap: reason=null_check action=make_not_entrant pc=0x0000000002c3cc24 method=java.lang.String.equals(Ljava/lang/Object;)Z @ 8
Event: 1.155 Thread 0x00000000029c4800 Uncommon trap: reason=class_check action=maybe_recompile pc=0x0000000002dc960c method=java.io.DataInputStream.readInt()I @ 4
Event: 1.155 Thread 0x00000000029c4800 Uncommon trap: reason=class_check action=maybe_recompile pc=0x0000000002dc960c method=java.io.DataInputStream.readInt()I @ 4
Event: 1.155 Thread 0x00000000029c4800 Uncommon trap: reason=class_check action=maybe_recompile pc=0x0000000002dc960c method=java.io.DataInputStream.readInt()I @ 4
Event: 1.156 Thread 0x00000000029c4800 Uncommon trap: reason=class_check action=maybe_recompile pc=0x0000000002dc960c method=java.io.DataInputStream.readInt()I @ 4
Event: 1.218 Thread 0x00000000029c4800 Uncommon trap: reason=bimorphic action=maybe_recompile pc=0x0000000002de6694 method=java.util.HashMap.putVal(ILjava/lang/Object;Ljava/lang/Object;ZZ)Ljava/lang/Object; @ 91
Event: 1.265 Thread 0x00000000029c4800 Uncommon trap: reason=unreached action=reinterpret pc=0x0000000002de66b0 method=java.util.HashMap.hash(Ljava/lang/Object;)I @ 1
Event: 1.594 Thread 0x00000000029c4800 Uncommon trap: reason=unreached action=reinterpret pc=0x0000000002dd17a8 method=java.util.Arrays.equals([B[B)Z @ 12
Event: 7960.470 Thread 0x00000000029c4800 Uncommon trap: reason=bimorphic action=maybe_recompile pc=0x0000000002de896c method=java.util.HashMap.putVal(ILjava/lang/Object;Ljava/lang/Object;ZZ)Ljava/lang/Object; @ 91

Internal exceptions (10 events):
Event: 1027.376 Thread 0x00000000029c4800 Exception <a 'sun/net/ConnectionResetException': > (0x000000076bc12f60) thrown at [C:\re\workspace\8-2-build-windows-amd64-cygwin\jdk8u11\648\hotspot\src\share\vm\prims\jni.cpp, line 742]
Event: 1027.377 Thread 0x00000000029c4800 Exception <a 'java/net/SocketException': Connection reset by peer: socket write error> (0x000000076bc14170) thrown at [C:\re\workspace\8-2-build-windows-amd64-cygwin\jdk8u11\648\hotspot\src\share\vm\prims\jni.cpp, line 742]
Event: 1027.379 Thread 0x00000000029c4800 Exception <a 'java/security/PrivilegedActionException'> (0x000000076bc16ad0) thrown at [C:\re\workspace\8-2-build-windows-amd64-cygwin\jdk8u11\648\hotspot\src\share\vm\prims\jvm.cpp, line 1248]
Event: 1027.380 Thread 0x00000000029c4800 Exception <a 'java/security/PrivilegedActionException'> (0x000000076bc1c638) thrown at [C:\re\workspace\8-2-build-windows-amd64-cygwin\jdk8u11\648\hotspot\src\share\vm\prims\jvm.cpp, line 1248]
Event: 6423.432 Thread 0x00000000029c4800 Exception <a 'sun/net/ConnectionResetException': > (0x000000076bb1bb88) thrown at [C:\re\workspace\8-2-build-windows-amd64-cygwin\jdk8u11\648\hotspot\src\share\vm\prims\jni.cpp, line 742]
Event: 6423.432 Thread 0x00000000029c4800 Exception <a 'sun/net/ConnectionResetException': > (0x000000076bb1bef0) thrown at [C:\re\workspace\8-2-build-windows-amd64-cygwin\jdk8u11\648\hotspot\src\share\vm\prims\jni.cpp, line 742]
Event: 6423.432 Thread 0x00000000029c4800 Exception <a 'java/net/SocketException': Connection reset by peer: socket write error> (0x000000076bb1ce78) thrown at [C:\re\workspace\8-2-build-windows-amd64-cygwin\jdk8u11\648\hotspot\src\share\vm\prims\jni.cpp, line 742]
Event: 12362.851 Thread 0x00000000029c4800 Exception <a 'sun/net/ConnectionResetException': > (0x000000076bb2ab40) thrown at [C:\re\workspace\8-2-build-windows-amd64-cygwin\jdk8u11\648\hotspot\src\share\vm\prims\jni.cpp, line 742]
Event: 12362.851 Thread 0x00000000029c4800 Exception <a 'sun/net/ConnectionResetException': > (0x000000076bb2aea8) thrown at [C:\re\workspace\8-2-build-windows-amd64-cygwin\jdk8u11\648\hotspot\src\share\vm\prims\jni.cpp, line 742]
Event: 12362.854 Thread 0x00000000029c4800 Exception <a 'java/net/SocketException': Connection reset by peer: socket write error> (0x000000076bb2be30) thrown at [C:\re\workspace\8-2-build-windows-amd64-cygwin\jdk8u11\648\hotspot\src\share\vm\prims\jni.cpp, line 742]

Events (10 events):
Event: 12363.081 Thread 0x000000001e69f000 flushing nmethod 0x0000000002dd1510
Event: 12363.082 Thread 0x000000001e69f000 flushing nmethod 0x0000000002ddb3d0
Event: 12363.082 Thread 0x000000001e69f000 flushing nmethod 0x0000000002ddbcd0
Event: 12363.082 Thread 0x000000001e69f000 flushing nmethod 0x0000000002de5f90
Event: 12363.248 Thread 0x000000001e69f000 flushing nmethod 0x0000000002e27690
Event: 12363.251 Thread 0x000000001e69f000 flushing nmethod 0x0000000002e93b10
Event: 12363.251 Thread 0x000000001e69f000 flushing nmethod 0x0000000002e93f90
Event: 12363.252 Thread 0x000000001e69f000 flushing nmethod 0x0000000002eaccd0
Event: 12363.252 Thread 0x000000001e69f000 flushing nmethod 0x0000000002eadd90
Event: 12363.253 Thread 0x000000001e69f000 flushing nmethod 0x0000000002eb35d0


Dynamic libraries:
0x00007ff6d6070000 - 0x00007ff6d60a4000 	D:\Program Files\Java\jdk1.8.0_11\bin\java.exe
0x00007ffb76e60000 - 0x00007ffb77050000 	C:\WINDOWS\SYSTEM32\ntdll.dll
0x00007ffb754d0000 - 0x00007ffb75582000 	C:\WINDOWS\System32\KERNEL32.DLL
0x00007ffb749e0000 - 0x00007ffb74c85000 	C:\WINDOWS\System32\KERNELBASE.dll
0x00007ffb76170000 - 0x00007ffb76213000 	C:\WINDOWS\System32\ADVAPI32.dll
0x00007ffb76220000 - 0x00007ffb762be000 	C:\WINDOWS\System32\msvcrt.dll
0x00007ffb75c20000 - 0x00007ffb75cb7000 	C:\WINDOWS\System32\sechost.dll
0x00007ffb76cd0000 - 0x00007ffb76df0000 	C:\WINDOWS\System32\RPCRT4.dll
0x00007ffb75590000 - 0x00007ffb75724000 	C:\WINDOWS\System32\USER32.dll
0x00007ffb74d90000 - 0x00007ffb74db1000 	C:\WINDOWS\System32\win32u.dll
0x00007ffb76df0000 - 0x00007ffb76e16000 	C:\WINDOWS\System32\GDI32.dll
0x00007ffb74610000 - 0x00007ffb747a6000 	C:\WINDOWS\System32\gdi32full.dll
0x00007ffb74940000 - 0x00007ffb749de000 	C:\WINDOWS\System32\msvcp_win.dll
0x00007ffb74c90000 - 0x00007ffb74d8a000 	C:\WINDOWS\System32\ucrtbase.dll
0x00007ffb46c50000 - 0x00007ffb46ed4000 	C:\WINDOWS\WinSxS\amd64_microsoft.windows.common-controls_6595b64144ccf1df_6.0.18362.1139_none_9e7bf2d3e4605ac6\COMCTL32.dll
0x00007ffb75190000 - 0x00007ffb754c5000 	C:\WINDOWS\System32\combase.dll
0x00007ffb74810000 - 0x00007ffb74890000 	C:\WINDOWS\System32\bcryptPrimitives.dll
0x00007ffb763a0000 - 0x00007ffb763ce000 	C:\WINDOWS\System32\IMM32.DLL
0x0000000068000000 - 0x0000000068066000 	C:\WINDOWS\System32\QIPCAP64.dll
0x00007ffb763d0000 - 0x00007ffb76ab7000 	C:\WINDOWS\System32\SHELL32.dll
0x00007ffb73df0000 - 0x00007ffb73e3a000 	C:\WINDOWS\System32\cfgmgr32.dll
0x00007ffb659b0000 - 0x00007ffb659da000 	C:\WINDOWS\SYSTEM32\MAPI32.dll
0x00007ffb76c20000 - 0x00007ffb76cc9000 	C:\WINDOWS\System32\shcore.dll
0x00007ffb76ac0000 - 0x00007ffb76c17000 	C:\WINDOWS\System32\ole32.dll
0x00007ffb73e40000 - 0x00007ffb745c0000 	C:\WINDOWS\System32\windows.storage.dll
0x00007ffb73dd0000 - 0x00007ffb73de1000 	C:\WINDOWS\System32\kernel.appcore.dll
0x00007ffb75f30000 - 0x00007ffb75f4d000 	C:\WINDOWS\System32\imagehlp.dll
0x00007ffb73da0000 - 0x00007ffb73dc3000 	C:\WINDOWS\System32\profapi.dll
0x00007ffb73d30000 - 0x00007ffb73d7a000 	C:\WINDOWS\System32\powrprof.dll
0x00007ffb73d20000 - 0x00007ffb73d30000 	C:\WINDOWS\System32\UMPDC.dll
0x00007ffb76090000 - 0x00007ffb760e2000 	C:\WINDOWS\System32\shlwapi.dll
0x00007ffb745c0000 - 0x00007ffb745d7000 	C:\WINDOWS\System32\cryptsp.dll
0x00007ffb73260000 - 0x00007ffb7332b000 	C:\WINDOWS\SYSTEM32\DNSAPI.dll
0x00007ffb760f0000 - 0x00007ffb7615f000 	C:\WINDOWS\System32\WS2_32.dll
0x00007ffb76160000 - 0x00007ffb76168000 	C:\WINDOWS\System32\NSI.dll
0x00007ffb73220000 - 0x00007ffb7325a000 	C:\WINDOWS\SYSTEM32\IPHLPAPI.DLL
0x0000000077a40000 - 0x0000000077b12000 	D:\Program Files\Java\jdk1.8.0_11\jre\bin\msvcr100.dll
0x00000000753c0000 - 0x0000000075bea000 	D:\Program Files\Java\jdk1.8.0_11\jre\bin\server\jvm.dll
0x00007ffb75c10000 - 0x00007ffb75c18000 	C:\WINDOWS\System32\PSAPI.DLL
0x00007ffb61ce0000 - 0x00007ffb61d04000 	C:\WINDOWS\SYSTEM32\WINMM.dll
0x00007ffb6b740000 - 0x00007ffb6b749000 	C:\WINDOWS\SYSTEM32\WSOCK32.dll
0x00007ffb61b50000 - 0x00007ffb61b7d000 	C:\WINDOWS\SYSTEM32\WINMMBASE.dll
0x0000000077d20000 - 0x0000000077d2f000 	D:\Program Files\Java\jdk1.8.0_11\jre\bin\verify.dll
0x0000000077cf0000 - 0x0000000077d18000 	D:\Program Files\Java\jdk1.8.0_11\jre\bin\java.dll
0x0000000077480000 - 0x00000000774a3000 	D:\Program Files\Java\jdk1.8.0_11\jre\bin\instrument.dll
0x00000000772f0000 - 0x0000000077306000 	D:\Program Files\Java\jdk1.8.0_11\jre\bin\zip.dll
0x00007ffb549a0000 - 0x00007ffb549ba000 	D:\Program Files\JetBrains\IntelliJ IDEA 2019.3.1\bin\breakgen64.dll
0x00000000772d0000 - 0x00000000772ea000 	D:\Program Files\Java\jdk1.8.0_11\jre\bin\net.dll
0x00007ffb73510000 - 0x00007ffb73577000 	C:\WINDOWS\system32\mswsock.dll
0x0000000077450000 - 0x0000000077474000 	D:\Program Files\Java\jdk1.8.0_11\jre\bin\sunec.dll
0x0000000077440000 - 0x000000007744b000 	D:\Program Files\Java\jdk1.8.0_11\jre\bin\sunmscapi.dll
0x00007ffb74dc0000 - 0x00007ffb74f09000 	C:\WINDOWS\System32\CRYPT32.dll
0x00007ffb73d80000 - 0x00007ffb73d92000 	C:\WINDOWS\System32\MSASN1.dll
0x00007ffb73080000 - 0x00007ffb730b3000 	C:\WINDOWS\system32\rsaenh.dll
0x00007ffb745e0000 - 0x00007ffb74606000 	C:\WINDOWS\System32\bcrypt.dll
0x00007ffb73c40000 - 0x00007ffb73c65000 	C:\WINDOWS\SYSTEM32\USERENV.dll
0x00007ffb736e0000 - 0x00007ffb736ec000 	C:\WINDOWS\SYSTEM32\CRYPTBASE.dll
0x00007ffb68570000 - 0x00007ffb68586000 	C:\WINDOWS\SYSTEM32\dhcpcsvc6.DLL
0x00007ffb688d0000 - 0x00007ffb688ec000 	C:\WINDOWS\SYSTEM32\dhcpcsvc.DLL
0x00000000772b0000 - 0x00000000772c1000 	D:\Program Files\Java\jdk1.8.0_11\jre\bin\nio.dll
0x00007ffb5a5a0000 - 0x00007ffb5a5b6000 	C:\WINDOWS\system32\napinsp.dll
0x00007ffb6b4f0000 - 0x00007ffb6b50a000 	C:\WINDOWS\system32\pnrpnsp.dll
0x00007ffb5ba10000 - 0x00007ffb5ba1e000 	C:\WINDOWS\System32\winrnr.dll
0x00007ffb6ac80000 - 0x00007ffb6ac9c000 	C:\WINDOWS\system32\NLAapi.dll
0x00007ffb6c620000 - 0x00007ffb6c635000 	C:\WINDOWS\system32\wshbth.dll
0x00007ffb66780000 - 0x00007ffb6678a000 	C:\Windows\System32\rasadhlp.dll
0x00007ffb67d30000 - 0x00007ffb67da7000 	C:\WINDOWS\System32\fwpuclnt.dll
0x00007ffb72630000 - 0x00007ffb72824000 	C:\WINDOWS\SYSTEM32\dbghelp.dll

VM Arguments:
jvm_args: -javaagent:D:\Program Files\JetBrains\IntelliJ IDEA 2019.3.1\lib\idea_rt.jar=54741:D:\Program Files\JetBrains\IntelliJ IDEA 2019.3.1\bin -Dfile.encoding=UTF-8 
java_command: com.okcoin.commons.okex.open.api.test.LimitTest
java_class_path (initial): D:\Program Files\Java\jdk1.8.0_11\jre\lib\charsets.jar;D:\Program Files\Java\jdk1.8.0_11\jre\lib\deploy.jar;D:\Program Files\Java\jdk1.8.0_11\jre\lib\ext\access-bridge-64.jar;D:\Program Files\Java\jdk1.8.0_11\jre\lib\ext\cldrdata.jar;D:\Program Files\Java\jdk1.8.0_11\jre\lib\ext\dnsns.jar;D:\Program Files\Java\jdk1.8.0_11\jre\lib\ext\jaccess.jar;D:\Program Files\Java\jdk1.8.0_11\jre\lib\ext\jfxrt.jar;D:\Program Files\Java\jdk1.8.0_11\jre\lib\ext\localedata.jar;D:\Program Files\Java\jdk1.8.0_11\jre\lib\ext\nashorn.jar;D:\Program Files\Java\jdk1.8.0_11\jre\lib\ext\sunec.jar;D:\Program Files\Java\jdk1.8.0_11\jre\lib\ext\sunjce_provider.jar;D:\Program Files\Java\jdk1.8.0_11\jre\lib\ext\sunmscapi.jar;D:\Program Files\Java\jdk1.8.0_11\jre\lib\ext\sunpkcs11.jar;D:\Program Files\Java\jdk1.8.0_11\jre\lib\ext\zipfs.jar;D:\Program Files\Java\jdk1.8.0_11\jre\lib\javaws.jar;D:\Program Files\Java\jdk1.8.0_11\jre\lib\jce.jar;D:\Program Files\Java\jdk1.8.0_11\jre\lib\jfr.jar;D:\Program Files\Java\jdk1.8.0_11\jre\lib\jfxswt.jar;D:\Program Files\Java\jdk1.8.0_11\jre\lib\jsse.jar;D:\Program Files\Java\jdk1.8.0_11\jre\lib\management-agent.jar;D:\Program Files\Java\jdk1.8.0_11\jre\lib\plugin.jar;D:\Program Files\Java\jdk1.8.0_11\jre\lib\resources.jar;D:\Program Files\Java\jdk1.8.0_11\jre\lib\rt.jar;D:\okex\okex-java-sdk-api\target\test-classes;D:\okex\okex-java-sdk-api\target\classes;D:\software\maven-repostory\io\netty\netty-all\4.1.36.Final\netty-all-4.1.36.Final.jar;D:\software\maven-repostory\com\squareup\okhttp3\okhttp\3.10.0\okhttp-3.10.0.jar;D:\software\maven-repostory\com\squareup\okio\okio\1.14.0\okio-1.14.0.jar;D:\software\maven-repostory\com\squareup\retrofit2\retrofit\2.3.0\retrofit-2.3.0.jar;D:\software\maven-repostory\org\slf4j\slf4j-log4j12\1.8.0-beta2\slf4j-log4j12-1.8.0-beta2.jar;D:\software\maven-repostory\org\slf4j\slf4j-api\1.8.0-beta2\slf4j-api-1.8.0-beta2.jar;D:\software\maven-repostory\log4j\log4j\1.2.17\log4j-1.2.17.jar;D:\software\ma
Launcher Type: SUN_STANDARD

Environment Variables:
JAVA_HOME=D:\Program Files\Java\jdk1.8.0_11
CLASSPATH=D:\software\apache-jmeter-5.1.1\lib\ext\ApacheJMeter_core.jar;D:\software\apache-jmeter-5.1.1\lib\jorphan.jar;D:\software\apache-jmeter-5.1.1\lib/logkit-2.0.jar;D:\Program Files\Java\jdk1.8.0_11\lib;D:\Program Files\Java\jdk1.8.0_11\lib\dt.jar;D:\Program Files\Java\jdk1.8.0_11\lib\tools.jar
PATH=D:\Program Files (x86)\XShell\;C:\WINDOWS\system32;C:\WINDOWS;C:\WINDOWS\System32\Wbem;C:\WINDOWS\System32\WindowsPowerShell\v1.0\;C:\WINDOWS\System32\OpenSSH\;D:\software\apache-maven-3.5.2\bin;D:\Program Files\Java\jdk1.8.0_11\bin;D:\Program Files\Java\jdk1.8.0_11\jre\bin;C:\strawberry\c\bin;C:\strawberry\perl\bin;D:\software\PyCharm\Python\Scripts;D:\Program Files (x86)\MySQL\MySQL Server 5.5\bin;D:\software\tomcat\apache-tomcat-8.5.50\bin;D:\software\tomcat\apache-tomcat-8.5.50\bin;D:\Program Files\Git\cmd;D:\software\PyCharm\Python\Scripts\;D:\software\PyCharm\Python\;C:\Users\oker\AppData\Local\Microsoft\WindowsApps;C:\Users\oker\AppData\Local\GitHubDesktop\bin;C:\Users\oker\AppData\Local\Microsoft\WindowsApps;C:\Users\oker\AppData\Local\BypassRuntm
USERNAME=oker
OS=Windows_NT
PROCESSOR_IDENTIFIER=Intel64 Family 6 Model 142 Stepping 11, GenuineIntel



---------------  S Y S T E M  ---------------

OS: Windows 8.1 , 64 bit Build 9600 

CPU:total 8 (4 cores per cpu, 2 threads per core) family 6 model 142 stepping 11, cmov, cx8, fxsr, mmx, sse, sse2, sse3, ssse3, sse4.1, sse4.2, popcnt, avx, avx2, aes, clmul, erms, ht, tsc, tscinvbit

Memory: 4k page, physical 16621628k(9350068k free), swap 29249676k(64k free)

vm_info: Java HotSpot(TM) 64-Bit Server VM (25.11-b03) for windows-amd64 JRE (1.8.0_11-b12), built on Jun 16 2014 20:57:32 by "java_re" with MS VC++ 10.0 (VS2010)

time: Tue Oct 20 17:58:39 2020
elapsed time: 12635 seconds

