#
# There is insufficient memory for the Java Runtime Environment to continue.
# Native memory allocation (malloc) failed to allocate 85296 bytes for Chunk::new
# Possible reasons:
#   The system is out of physical RAM or swap space
#   In 32 bit mode, the process size limit was hit
# Possible solutions:
#   Reduce memory load on the system
#   Increase physical memory or swap space
#   Check if swap backing store is full
#   Use 64 bit Java on a 64 bit OS
#   Decrease Java heap size (-Xmx/-Xms)
#   Decrease number of Java threads
#   Decrease Java thread stack sizes (-Xss)
#   Set larger code cache with -XX:ReservedCodeCacheSize=
# This output file may be truncated or incomplete.
#
#  Out of Memory Error (allocation.cpp:388), pid=11304, tid=15268
#
# JRE version: Java(TM) SE Runtime Environment (8.0_11-b12) (build 1.8.0_11-b12)
# Java VM: Java HotSpot(TM) 64-Bit Server VM (25.11-b03 mixed mode windows-amd64 compressed oops)
# Failed to write core dump. Minidumps are not enabled by default on client versions of Windows
#

---------------  T H R E A D  ---------------

Current thread (0x000000001eafd000):  JavaThread "C2 CompilerThread2" daemon [_thread_in_native, id=15268, stack(0x000000001f330000,0x000000001f430000)]

Stack: [0x000000001f330000,0x000000001f430000]
Native frames: (J=compiled Java code, j=interpreted, Vv=VM code, C=native code)
V  [jvm.dll+0x308eca]


Current CompileTask:
C2:   1410 1157       4       sun.security.util.DerValue::<init> (250 bytes)


---------------  P R O C E S S  ---------------

Java Threads: ( => current thread )
  0x000000001eb8d000 JavaThread "Service Thread" daemon [_thread_blocked, id=8088, stack(0x000000001f530000,0x000000001f630000)]
  0x000000001eb1d000 JavaThread "C1 CompilerThread3" daemon [_thread_blocked, id=1944, stack(0x000000001f430000,0x000000001f530000)]
=>0x000000001eafd000 JavaThread "C2 CompilerThread2" daemon [_thread_in_native, id=15268, stack(0x000000001f330000,0x000000001f430000)]
  0x000000001eafc000 JavaThread "C2 CompilerThread1" daemon [_thread_blocked, id=15096, stack(0x000000001f230000,0x000000001f330000)]
  0x000000001eaf1800 JavaThread "C2 CompilerThread0" daemon [_thread_blocked, id=16240, stack(0x000000001f130000,0x000000001f230000)]
  0x000000001eaed000 JavaThread "Monitor Ctrl-Break" daemon [_thread_in_native, id=18020, stack(0x000000001f030000,0x000000001f130000)]
  0x000000001eac2000 JavaThread "Attach Listener" daemon [_thread_blocked, id=2892, stack(0x000000001ef30000,0x000000001f030000)]
  0x000000001eac1800 JavaThread "Signal Dispatcher" daemon [_thread_blocked, id=17860, stack(0x000000001ee30000,0x000000001ef30000)]
  0x000000000309c000 JavaThread "Finalizer" daemon [_thread_blocked, id=6312, stack(0x000000001e930000,0x000000001ea30000)]
  0x000000001ca5c000 JavaThread "Reference Handler" daemon [_thread_blocked, id=3628, stack(0x000000001e830000,0x000000001e930000)]
  0x0000000002fa4000 JavaThread "main" [_thread_blocked, id=16548, stack(0x0000000002cd0000,0x0000000002dd0000)]

Other Threads:
  0x000000001ca57000 VMThread [stack: 0x000000001e730000,0x000000001e830000] [id=17876]
  0x000000001eb8f000 WatcherThread [stack: 0x000000001f630000,0x000000001f730000] [id=11256]

VM state:at safepoint (normal execution)

VM Mutex/Monitor currently owned by a thread:  ([mutex/lock_event])
[0x0000000002fa1750] Threads_lock - owner thread: 0x000000001ca57000
[0x0000000002fa10d0] Heap_lock - owner thread: 0x0000000002fa4000

Heap:
 PSYoungGen      total 19456K, used 546K [0x000000076b700000, 0x000000076cc00000, 0x00000007c0000000)
  eden space 17408K, 0% used [0x000000076b700000,0x000000076b700000,0x000000076c800000)
  from space 2048K, 26% used [0x000000076ca00000,0x000000076ca888c0,0x000000076cc00000)
  to   space 2048K, 0% used [0x000000076c800000,0x000000076c800000,0x000000076ca00000)
 ParOldGen       total 258560K, used 4881K [0x00000006c2400000, 0x00000006d2080000, 0x000000076b700000)
  object space 258560K, 1% used [0x00000006c2400000,0x00000006c28c46c0,0x00000006d2080000)
 Metaspace       used 12503K, capacity 12666K, committed 12800K, reserved 1064960K
  class space    used 1422K, capacity 1495K, committed 1536K, reserved 1048576K

Card table byte_map: [0x0000000012460000,0x0000000012c50000] byte_map_base: 0x000000000ee4e000

Marking Bits: (ParMarkBitMap*) 0x000000005acd12b0
 Begin Bits: [0x00000000139a0000, 0x0000000017910000)
 End Bits:   [0x0000000017910000, 0x000000001b880000)

Polling page: 0x0000000002c50000

CodeCache: size=245760Kb used=4139Kb max_used=4139Kb free=241620Kb
 bounds [0x00000000030a0000, 0x00000000034b0000, 0x00000000120a0000]
 total_blobs=1540 nmethods=1157 adapters=297
 compilation: enabled

Compilation events (10 events):
Event: 1.340 Thread 0x000000001eb1d000 nmethod 1153 0x00000000034aa1d0 code [0x00000000034aa320, 0x00000000034aa4b0]
Event: 1.403 Thread 0x000000001eb1d000 1154       3       sun.reflect.AccessorGenerator::sub (5 bytes)
Event: 1.403 Thread 0x000000001eb1d000 nmethod 1154 0x00000000034aa510 code [0x00000000034aa660, 0x00000000034aa790]
Event: 1.403 Thread 0x000000001eb1d000 1155       3       java.net.URI$Parser::scan (73 bytes)
Event: 1.403 Thread 0x000000001eafd000 1157       4       sun.security.util.DerValue::<init> (250 bytes)
Event: 1.404 Thread 0x000000001eb1d000 nmethod 1155 0x00000000034aa810 code [0x00000000034aa9e0, 0x00000000034ab0c8]
Event: 1.404 Thread 0x000000001eb1d000 1156       3       java.math.BigInteger::valueOf (62 bytes)
Event: 1.404 Thread 0x000000001eb1d000 nmethod 1156 0x00000000034ab550 code [0x00000000034ab6e0, 0x00000000034abac8]
Event: 1.404 Thread 0x000000001eb1d000 1158       3       sun.security.x509.CertificateVersion::compare (7 bytes)
Event: 1.404 Thread 0x000000001eb1d000 nmethod 1158 0x00000000034abc50 code [0x00000000034abda0, 0x00000000034abef0]

GC Heap History (10 events):
Event: 0.520 GC heap before
{Heap before GC invocations=9 (full 0):
 PSYoungGen      total 5120K, used 4704K [0x000000076b700000, 0x000000076bd00000, 0x00000007c0000000)
  eden space 4096K, 100% used [0x000000076b700000,0x000000076bb00000,0x000000076bb00000)
  from space 1024K, 59% used [0x000000076bc00000,0x000000076bc98000,0x000000076bd00000)
  to   space 1024K, 0% used [0x000000076bb00000,0x000000076bb00000,0x000000076bc00000)
 ParOldGen       total 258560K, used 1249K [0x00000006c2400000, 0x00000006d2080000, 0x000000076b700000)
  object space 258560K, 0% used [0x00000006c2400000,0x00000006c2538690,0x00000006d2080000)
 Metaspace       used 5817K, capacity 5952K, committed 6144K, reserved 1056768K
  class space    used 697K, capacity 723K, committed 768K, reserved 1048576K
Event: 0.522 GC heap after
Heap after GC invocations=9 (full 0):
 PSYoungGen      total 5120K, used 881K [0x000000076b700000, 0x000000076bf80000, 0x00000007c0000000)
  eden space 4096K, 0% used [0x000000076b700000,0x000000076b700000,0x000000076bb00000)
  from space 1024K, 86% used [0x000000076bb00000,0x000000076bbdc7b8,0x000000076bc00000)
  to   space 1024K, 0% used [0x000000076be80000,0x000000076be80000,0x000000076bf80000)
 ParOldGen       total 258560K, used 1385K [0x00000006c2400000, 0x00000006d2080000, 0x000000076b700000)
  object space 258560K, 0% used [0x00000006c2400000,0x00000006c255a6a0,0x00000006d2080000)
 Metaspace       used 5817K, capacity 5952K, committed 6144K, reserved 1056768K
  class space    used 697K, capacity 723K, committed 768K, reserved 1048576K
}
Event: 0.619 GC heap before
{Heap before GC invocations=10 (full 0):
 PSYoungGen      total 5120K, used 4977K [0x000000076b700000, 0x000000076bf80000, 0x00000007c0000000)
  eden space 4096K, 100% used [0x000000076b700000,0x000000076bb00000,0x000000076bb00000)
  from space 1024K, 86% used [0x000000076bb00000,0x000000076bbdc7b8,0x000000076bc00000)
  to   space 1024K, 0% used [0x000000076be80000,0x000000076be80000,0x000000076bf80000)
 ParOldGen       total 258560K, used 1385K [0x00000006c2400000, 0x00000006d2080000, 0x000000076b700000)
  object space 258560K, 0% used [0x00000006c2400000,0x00000006c255a6a0,0x00000006d2080000)
 Metaspace       used 6981K, capacity 7192K, committed 7296K, reserved 1056768K
  class space    used 819K, capacity 864K, committed 896K, reserved 1048576K
Event: 0.621 GC heap after
Heap after GC invocations=10 (full 0):
 PSYoungGen      total 7680K, used 890K [0x000000076b700000, 0x000000076bf80000, 0x00000007c0000000)
  eden space 6656K, 0% used [0x000000076b700000,0x000000076b700000,0x000000076bd80000)
  from space 1024K, 87% used [0x000000076be80000,0x000000076bf5ebd8,0x000000076bf80000)
  to   space 1024K, 0% used [0x000000076bd80000,0x000000076bd80000,0x000000076be80000)
 ParOldGen       total 258560K, used 1649K [0x00000006c2400000, 0x00000006d2080000, 0x000000076b700000)
  object space 258560K, 0% used [0x00000006c2400000,0x00000006c259c6a0,0x00000006d2080000)
 Metaspace       used 6981K, capacity 7192K, committed 7296K, reserved 1056768K
  class space    used 819K, capacity 864K, committed 896K, reserved 1048576K
}
Event: 0.746 GC heap before
{Heap before GC invocations=11 (full 0):
 PSYoungGen      total 7680K, used 7533K [0x000000076b700000, 0x000000076bf80000, 0x00000007c0000000)
  eden space 6656K, 99% used [0x000000076b700000,0x000000076bd7c988,0x000000076bd80000)
  from space 1024K, 87% used [0x000000076be80000,0x000000076bf5ebd8,0x000000076bf80000)
  to   space 1024K, 0% used [0x000000076bd80000,0x000000076bd80000,0x000000076be80000)
 ParOldGen       total 258560K, used 1649K [0x00000006c2400000, 0x00000006d2080000, 0x000000076b700000)
  object space 258560K, 0% used [0x00000006c2400000,0x00000006c259c6a0,0x00000006d2080000)
 Metaspace       used 8643K, capacity 8810K, committed 9088K, reserved 1056768K
  class space    used 1006K, capacity 1087K, committed 1152K, reserved 1048576K
Event: 0.748 GC heap after
Heap after GC invocations=11 (full 0):
 PSYoungGen      total 7680K, used 1006K [0x000000076b700000, 0x000000076c480000, 0x00000007c0000000)
  eden space 6656K, 0% used [0x000000076b700000,0x000000076b700000,0x000000076bd80000)
  from space 1024K, 98% used [0x000000076bd80000,0x000000076be7bba8,0x000000076be80000)
  to   space 1536K, 0% used [0x000000076c300000,0x000000076c300000,0x000000076c480000)
 ParOldGen       total 258560K, used 2462K [0x00000006c2400000, 0x00000006d2080000, 0x000000076b700000)
  object space 258560K, 0% used [0x00000006c2400000,0x00000006c26679c8,0x00000006d2080000)
 Metaspace       used 8643K, capacity 8810K, committed 9088K, reserved 1056768K
  class space    used 1006K, capacity 1087K, committed 1152K, reserved 1048576K
}
Event: 1.060 GC heap before
{Heap before GC invocations=12 (full 0):
 PSYoungGen      total 7680K, used 7662K [0x000000076b700000, 0x000000076c480000, 0x00000007c0000000)
  eden space 6656K, 100% used [0x000000076b700000,0x000000076bd80000,0x000000076bd80000)
  from space 1024K, 98% used [0x000000076bd80000,0x000000076be7bba8,0x000000076be80000)
  to   space 1536K, 0% used [0x000000076c300000,0x000000076c300000,0x000000076c480000)
 ParOldGen       total 258560K, used 2462K [0x00000006c2400000, 0x00000006d2080000, 0x000000076b700000)
  object space 258560K, 0% used [0x00000006c2400000,0x00000006c26679c8,0x00000006d2080000)
 Metaspace       used 9895K, capacity 10102K, committed 10240K, reserved 1058816K
  class space    used 1157K, capacity 1217K, committed 1280K, reserved 1048576K
Event: 1.062 GC heap after
Heap after GC invocations=12 (full 0):
 PSYoungGen      total 12288K, used 1070K [0x000000076b700000, 0x000000076c480000, 0x00000007c0000000)
  eden space 10752K, 0% used [0x000000076b700000,0x000000076b700000,0x000000076c180000)
  from space 1536K, 69% used [0x000000076c300000,0x000000076c40ba38,0x000000076c480000)
  to   space 1536K, 0% used [0x000000076c180000,0x000000076c180000,0x000000076c300000)
 ParOldGen       total 258560K, used 3453K [0x00000006c2400000, 0x00000006d2080000, 0x000000076b700000)
  object space 258560K, 1% used [0x00000006c2400000,0x00000006c275f750,0x00000006d2080000)
 Metaspace       used 9895K, capacity 10102K, committed 10240K, reserved 1058816K
  class space    used 1157K, capacity 1217K, committed 1280K, reserved 1048576K
}
Event: 1.293 GC heap before
{Heap before GC invocations=13 (full 0):
 PSYoungGen      total 12288K, used 11822K [0x000000076b700000, 0x000000076c480000, 0x00000007c0000000)
  eden space 10752K, 100% used [0x000000076b700000,0x000000076c180000,0x000000076c180000)
  from space 1536K, 69% used [0x000000076c300000,0x000000076c40ba38,0x000000076c480000)
  to   space 1536K, 0% used [0x000000076c180000,0x000000076c180000,0x000000076c300000)
 ParOldGen       total 258560K, used 3453K [0x00000006c2400000, 0x00000006d2080000, 0x000000076b700000)
  object space 258560K, 1% used [0x00000006c2400000,0x00000006c275f750,0x00000006d2080000)
 Metaspace       used 11817K, capacity 12014K, committed 12288K, reserved 1060864K
  class space    used 1356K, capacity 1429K, committed 1536K, reserved 1048576K
Event: 1.296 GC heap after
Heap after GC invocations=13 (full 0):
 PSYoungGen      total 12288K, used 1535K [0x000000076b700000, 0x000000076cc00000, 0x00000007c0000000)
  eden space 10752K, 0% used [0x000000076b700000,0x000000076b700000,0x000000076c180000)
  from space 1536K, 99% used [0x000000076c180000,0x000000076c2ffe48,0x000000076c300000)
  to   space 2048K, 0% used [0x000000076ca00000,0x000000076ca00000,0x000000076cc00000)
 ParOldGen       total 258560K, used 4407K [0x00000006c2400000, 0x00000006d2080000, 0x000000076b700000)
  object space 258560K, 1% used [0x00000006c2400000,0x00000006c284dd70,0x00000006d2080000)
 Metaspace       used 11817K, capacity 12014K, committed 12288K, reserved 1060864K
  class space    used 1356K, capacity 1429K, committed 1536K, reserved 1048576K
}

Deoptimization events (2 events):
Event: 1.130 Thread 0x0000000002fa4000 Uncommon trap: reason=unreached action=reinterpret pc=0x00000000033caf40 method=java.util.HashMap.hash(Ljava/lang/Object;)I @ 1
Event: 1.332 Thread 0x0000000002fa4000 Uncommon trap: reason=unreached action=reinterpret pc=0x0000000003463068 method=java.util.Arrays.equals([B[B)Z @ 12

Internal exceptions (10 events):
Event: 1.292 Thread 0x0000000002fa4000 Exception <a 'java/security/PrivilegedActionException'> (0x000000076c174690) thrown at [C:\re\workspace\8-2-build-windows-amd64-cygwin\jdk8u11\648\hotspot\src\share\vm\prims\jvm.cpp, line 1248]
Event: 1.292 Thread 0x0000000002fa4000 Exception <a 'java/security/PrivilegedActionException'> (0x000000076c178740) thrown at [C:\re\workspace\8-2-build-windows-amd64-cygwin\jdk8u11\648\hotspot\src\share\vm\prims\jvm.cpp, line 1248]
Event: 1.293 Thread 0x0000000002fa4000 Exception <a 'java/security/PrivilegedActionException'> (0x000000076c17dc20) thrown at [C:\re\workspace\8-2-build-windows-amd64-cygwin\jdk8u11\648\hotspot\src\share\vm\prims\jvm.cpp, line 1248]
Event: 1.297 Thread 0x0000000002fa4000 Exception <a 'java/security/PrivilegedActionException'> (0x000000076b7031b8) thrown at [C:\re\workspace\8-2-build-windows-amd64-cygwin\jdk8u11\648\hotspot\src\share\vm\prims\jvm.cpp, line 1248]
Event: 1.298 Thread 0x0000000002fa4000 Exception <a 'java/security/PrivilegedActionException'> (0x000000076b7120c8) thrown at [C:\re\workspace\8-2-build-windows-amd64-cygwin\jdk8u11\648\hotspot\src\share\vm\prims\jvm.cpp, line 1248]
Event: 1.299 Thread 0x0000000002fa4000 Exception <a 'java/security/PrivilegedActionException'> (0x000000076b718a28) thrown at [C:\re\workspace\8-2-build-windows-amd64-cygwin\jdk8u11\648\hotspot\src\share\vm\prims\jvm.cpp, line 1248]
Event: 1.299 Thread 0x0000000002fa4000 Exception <a 'java/security/PrivilegedActionException'> (0x000000076b71dcc0) thrown at [C:\re\workspace\8-2-build-windows-amd64-cygwin\jdk8u11\648\hotspot\src\share\vm\prims\jvm.cpp, line 1248]
Event: 1.299 Thread 0x0000000002fa4000 Exception <a 'java/security/PrivilegedActionException'> (0x000000076b723978) thrown at [C:\re\workspace\8-2-build-windows-amd64-cygwin\jdk8u11\648\hotspot\src\share\vm\prims\jvm.cpp, line 1248]
Event: 1.300 Thread 0x0000000002fa4000 Exception <a 'java/security/PrivilegedActionException'> (0x000000076b72d8f0) thrown at [C:\re\workspace\8-2-build-windows-amd64-cygwin\jdk8u11\648\hotspot\src\share\vm\prims\jvm.cpp, line 1248]
Event: 1.332 Thread 0x0000000002fa4000 Implicit null exception at 0x0000000003462f18 to 0x0000000003463055

Events (10 events):
Event: 1.390 loading class sun/security/ssl/HandshakeMessage$ServerHello
Event: 1.390 loading class sun/security/ssl/HandshakeMessage$ServerHello done
Event: 1.390 loading class sun/security/ssl/CloneableDigest
Event: 1.390 loading class sun/security/ssl/CloneableDigest done
Event: 1.402 loading class sun/security/ssl/HandshakeMessage$CertificateMsg
Event: 1.402 loading class sun/security/ssl/HandshakeMessage$CertificateMsg done
Event: 1.404 loading class sun/security/validator/PKIXValidator
Event: 1.404 loading class sun/security/validator/PKIXValidator done
Event: 1.404 loading class java/security/cert/PKIXBuilderParameters
Event: 1.405 loading class java/security/cert/PKIXParameters


Dynamic libraries:
0x00007ff715990000 - 0x00007ff7159c4000 	D:\Program Files\Java\jdk1.8.0_11\bin\java.exe
0x00007ff8fa5e0000 - 0x00007ff8fa7d0000 	C:\WINDOWS\SYSTEM32\ntdll.dll
0x00007ff8f8d60000 - 0x00007ff8f8e12000 	C:\WINDOWS\System32\KERNEL32.DLL
0x00007ff8f7e50000 - 0x00007ff8f80f5000 	C:\WINDOWS\System32\KERNELBASE.dll
0x00007ff8f8770000 - 0x00007ff8f8813000 	C:\WINDOWS\System32\ADVAPI32.dll
0x00007ff8f8cc0000 - 0x00007ff8f8d5e000 	C:\WINDOWS\System32\msvcrt.dll
0x00007ff8f9f20000 - 0x00007ff8f9fb7000 	C:\WINDOWS\System32\sechost.dll
0x00007ff8f8820000 - 0x00007ff8f8940000 	C:\WINDOWS\System32\RPCRT4.dll
0x00007ff8f8a70000 - 0x00007ff8f8c04000 	C:\WINDOWS\System32\USER32.dll
0x00007ff8f8100000 - 0x00007ff8f8121000 	C:\WINDOWS\System32\win32u.dll
0x00007ff8f9eb0000 - 0x00007ff8f9ed6000 	C:\WINDOWS\System32\GDI32.dll
0x00007ff8f84f0000 - 0x00007ff8f8686000 	C:\WINDOWS\System32\gdi32full.dll
0x00007ff8f8210000 - 0x00007ff8f82ae000 	C:\WINDOWS\System32\msvcp_win.dll
0x00007ff8f7d50000 - 0x00007ff8f7e4a000 	C:\WINDOWS\System32\ucrtbase.dll
0x00007ff8c7a40000 - 0x00007ff8c7cc4000 	C:\WINDOWS\WinSxS\amd64_microsoft.windows.common-controls_6595b64144ccf1df_6.0.18362.1139_none_9e7bf2d3e4605ac6\COMCTL32.dll
0x00007ff8fa090000 - 0x00007ff8fa3c5000 	C:\WINDOWS\System32\combase.dll
0x00007ff8f8320000 - 0x00007ff8f83a0000 	C:\WINDOWS\System32\bcryptPrimitives.dll
0x00007ff8f9ee0000 - 0x00007ff8f9f0e000 	C:\WINDOWS\System32\IMM32.DLL
0x0000000068000000 - 0x0000000068066000 	C:\WINDOWS\System32\QIPCAP64.dll
0x00007ff8f9350000 - 0x00007ff8f9a37000 	C:\WINDOWS\System32\SHELL32.dll
0x00007ff8f82d0000 - 0x00007ff8f831a000 	C:\WINDOWS\System32\cfgmgr32.dll
0x00007ff8f2aa0000 - 0x00007ff8f2aca000 	C:\WINDOWS\SYSTEM32\MAPI32.dll
0x00007ff8f8c10000 - 0x00007ff8f8cb9000 	C:\WINDOWS\System32\shcore.dll
0x00007ff8f8e20000 - 0x00007ff8f8f77000 	C:\WINDOWS\System32\ole32.dll
0x00007ff8f75d0000 - 0x00007ff8f7d50000 	C:\WINDOWS\System32\windows.storage.dll
0x00007ff8f7550000 - 0x00007ff8f7561000 	C:\WINDOWS\System32\kernel.appcore.dll
0x00007ff8fa510000 - 0x00007ff8fa52d000 	C:\WINDOWS\System32\imagehlp.dll
0x00007ff8f7520000 - 0x00007ff8f7543000 	C:\WINDOWS\System32\profapi.dll
0x00007ff8f74d0000 - 0x00007ff8f751a000 	C:\WINDOWS\System32\powrprof.dll
0x00007ff8f74a0000 - 0x00007ff8f74b0000 	C:\WINDOWS\System32\UMPDC.dll
0x00007ff8f8710000 - 0x00007ff8f8762000 	C:\WINDOWS\System32\shlwapi.dll
0x00007ff8f82b0000 - 0x00007ff8f82c7000 	C:\WINDOWS\System32\cryptsp.dll
0x00007ff8f69e0000 - 0x00007ff8f6aab000 	C:\WINDOWS\SYSTEM32\DNSAPI.dll
0x00007ff8f8f80000 - 0x00007ff8f8fef000 	C:\WINDOWS\System32\WS2_32.dll
0x00007ff8fa590000 - 0x00007ff8fa598000 	C:\WINDOWS\System32\NSI.dll
0x00007ff8f69a0000 - 0x00007ff8f69da000 	C:\WINDOWS\SYSTEM32\IPHLPAPI.DLL
0x000000005c720000 - 0x000000005c7f2000 	D:\Program Files\Java\jdk1.8.0_11\jre\bin\msvcr100.dll
0x000000005a520000 - 0x000000005ad4a000 	D:\Program Files\Java\jdk1.8.0_11\jre\bin\server\jvm.dll
0x00007ff8f9f10000 - 0x00007ff8f9f18000 	C:\WINDOWS\System32\PSAPI.DLL
0x00007ff8f3e30000 - 0x00007ff8f3e54000 	C:\WINDOWS\SYSTEM32\WINMM.dll
0x00007ff8ee280000 - 0x00007ff8ee289000 	C:\WINDOWS\SYSTEM32\WSOCK32.dll
0x00007ff8f3d40000 - 0x00007ff8f3d6d000 	C:\WINDOWS\SYSTEM32\WINMMBASE.dll
0x000000005c710000 - 0x000000005c71f000 	D:\Program Files\Java\jdk1.8.0_11\jre\bin\verify.dll
0x000000005c6e0000 - 0x000000005c708000 	D:\Program Files\Java\jdk1.8.0_11\jre\bin\java.dll
0x000000005b1b0000 - 0x000000005b1d3000 	D:\Program Files\Java\jdk1.8.0_11\jre\bin\instrument.dll
0x000000005c6c0000 - 0x000000005c6d6000 	D:\Program Files\Java\jdk1.8.0_11\jre\bin\zip.dll
0x00007ff8ed9c0000 - 0x00007ff8ed9da000 	D:\Program Files\JetBrains\IntelliJ IDEA 2019.3.1\bin\breakgen64.dll
0x000000005b370000 - 0x000000005b38a000 	D:\Program Files\Java\jdk1.8.0_11\jre\bin\net.dll
0x00007ff8f6c90000 - 0x00007ff8f6cf7000 	C:\WINDOWS\system32\mswsock.dll
0x000000005b180000 - 0x000000005b1a4000 	D:\Program Files\Java\jdk1.8.0_11\jre\bin\sunec.dll
0x000000005a510000 - 0x000000005a51b000 	D:\Program Files\Java\jdk1.8.0_11\jre\bin\sunmscapi.dll
0x00007ff8f83a0000 - 0x00007ff8f84e9000 	C:\WINDOWS\System32\CRYPT32.dll
0x00007ff8f74b0000 - 0x00007ff8f74c2000 	C:\WINDOWS\System32\MSASN1.dll
0x00007ff8f6800000 - 0x00007ff8f6833000 	C:\WINDOWS\system32\rsaenh.dll
0x00007ff8f8130000 - 0x00007ff8f8156000 	C:\WINDOWS\System32\bcrypt.dll
0x00007ff8f73c0000 - 0x00007ff8f73e5000 	C:\WINDOWS\SYSTEM32\USERENV.dll
0x00007ff8f6e60000 - 0x00007ff8f6e6c000 	C:\WINDOWS\SYSTEM32\CRYPTBASE.dll
0x00007ff8e9b30000 - 0x00007ff8e9b46000 	C:\WINDOWS\SYSTEM32\dhcpcsvc6.DLL
0x00007ff8eaad0000 - 0x00007ff8eaaec000 	C:\WINDOWS\SYSTEM32\dhcpcsvc.DLL
0x000000005b350000 - 0x000000005b361000 	D:\Program Files\Java\jdk1.8.0_11\jre\bin\nio.dll
0x00007ff8c6990000 - 0x00007ff8c69a6000 	C:\WINDOWS\system32\napinsp.dll
0x00007ff8ce8a0000 - 0x00007ff8ce8ba000 	C:\WINDOWS\system32\pnrpnsp.dll
0x00007ff8d4b00000 - 0x00007ff8d4b0e000 	C:\WINDOWS\System32\winrnr.dll
0x00007ff8f3090000 - 0x00007ff8f30ac000 	C:\WINDOWS\system32\NLAapi.dll
0x00007ff8f2270000 - 0x00007ff8f2285000 	C:\WINDOWS\system32\wshbth.dll
0x00007ff8e4a30000 - 0x00007ff8e4a3a000 	C:\Windows\System32\rasadhlp.dll
0x00007ff8e9a00000 - 0x00007ff8e9a77000 	C:\WINDOWS\System32\fwpuclnt.dll

VM Arguments:
jvm_args: -Didea.test.cyclic.buffer.size=1048576 -javaagent:D:\Program Files\JetBrains\IntelliJ IDEA 2019.3.1\lib\idea_rt.jar=60502:D:\Program Files\JetBrains\IntelliJ IDEA 2019.3.1\bin -Dfile.encoding=UTF-8 
java_command: com.intellij.rt.junit.JUnitStarter -ideVersion5 -junit4 com.okcoin.commons.okex.open.api.test.spot.SpotProductAPITest,getInstruments
java_class_path (initial): D:\Program Files\JetBrains\IntelliJ IDEA 2019.3.1\lib\idea_rt.jar;D:\Program Files\JetBrains\IntelliJ IDEA 2019.3.1\plugins\junit\lib\junit5-rt.jar;D:\Program Files\JetBrains\IntelliJ IDEA 2019.3.1\plugins\junit\lib\junit-rt.jar;D:\Program Files\Java\jdk1.8.0_11\jre\lib\charsets.jar;D:\Program Files\Java\jdk1.8.0_11\jre\lib\deploy.jar;D:\Program Files\Java\jdk1.8.0_11\jre\lib\ext\access-bridge-64.jar;D:\Program Files\Java\jdk1.8.0_11\jre\lib\ext\cldrdata.jar;D:\Program Files\Java\jdk1.8.0_11\jre\lib\ext\dnsns.jar;D:\Program Files\Java\jdk1.8.0_11\jre\lib\ext\jaccess.jar;D:\Program Files\Java\jdk1.8.0_11\jre\lib\ext\jfxrt.jar;D:\Program Files\Java\jdk1.8.0_11\jre\lib\ext\localedata.jar;D:\Program Files\Java\jdk1.8.0_11\jre\lib\ext\nashorn.jar;D:\Program Files\Java\jdk1.8.0_11\jre\lib\ext\sunec.jar;D:\Program Files\Java\jdk1.8.0_11\jre\lib\ext\sunjce_provider.jar;D:\Program Files\Java\jdk1.8.0_11\jre\lib\ext\sunmscapi.jar;D:\Program Files\Java\jdk1.8.0_11\jre\lib\ext\sunpkcs11.jar;D:\Program Files\Java\jdk1.8.0_11\jre\lib\ext\zipfs.jar;D:\Program Files\Java\jdk1.8.0_11\jre\lib\javaws.jar;D:\Program Files\Java\jdk1.8.0_11\jre\lib\jce.jar;D:\Program Files\Java\jdk1.8.0_11\jre\lib\jfr.jar;D:\Program Files\Java\jdk1.8.0_11\jre\lib\jfxswt.jar;D:\Program Files\Java\jdk1.8.0_11\jre\lib\jsse.jar;D:\Program Files\Java\jdk1.8.0_11\jre\lib\management-agent.jar;D:\Program Files\Java\jdk1.8.0_11\jre\lib\plugin.jar;D:\Program Files\Java\jdk1.8.0_11\jre\lib\resources.jar;D:\Program Files\Java\jdk1.8.0_11\jre\lib\rt.jar;D:\okex\okex-java-sdk-api\target\test-classes;D:\okex\okex-java-sdk-api\target\classes;D:\software\maven-repostory\io\netty\netty-all\4.1.36.Final\netty-all-4.1.36.Final.jar;D:\software\maven-repostory\com\squareup\okhttp3\okhttp\3.10.0\okhttp-3.10.0.jar;D:\software\maven-repostory\com\squareup\okio\okio\1.14.0\okio-1.14.0.jar;D:\software\maven-repostory\com\squareup\retrofit2\retrofit\2.3.0\retrofit-2.3.0.jar;D:\software\maven-repostory\o
Launcher Type: SUN_STANDARD

Environment Variables:
JAVA_HOME=D:\Program Files\Java\jdk1.8.0_11
CLASSPATH=D:\software\apache-jmeter-5.1.1\lib\ext\ApacheJMeter_core.jar;D:\software\apache-jmeter-5.1.1\lib\jorphan.jar;D:\software\apache-jmeter-5.1.1\lib/logkit-2.0.jar;D:\Program Files\Java\jdk1.8.0_11\lib;D:\Program Files\Java\jdk1.8.0_11\lib\dt.jar;D:\Program Files\Java\jdk1.8.0_11\lib\tools.jar
PATH=D:\Program Files (x86)\XShell\;C:\WINDOWS\system32;C:\WINDOWS;C:\WINDOWS\System32\Wbem;C:\WINDOWS\System32\WindowsPowerShell\v1.0\;C:\WINDOWS\System32\OpenSSH\;D:\software\apache-maven-3.5.2\bin;D:\Program Files\Java\jdk1.8.0_11\bin;D:\Program Files\Java\jdk1.8.0_11\jre\bin;C:\strawberry\c\bin;C:\strawberry\perl\bin;D:\software\PyCharm\Python\Scripts;D:\Program Files (x86)\MySQL\MySQL Server 5.5\bin;D:\software\tomcat\apache-tomcat-8.5.50\bin;D:\software\tomcat\apache-tomcat-8.5.50\bin;D:\Program Files\Git\cmd;D:\software\PyCharm\Python\Scripts\;D:\software\PyCharm\Python\;C:\Users\oker\AppData\Local\Microsoft\WindowsApps;C:\Users\oker\AppData\Local\GitHubDesktop\bin;C:\Users\oker\AppData\Local\Microsoft\WindowsApps;C:\Users\oker\AppData\Local\BypassRuntm
USERNAME=oker
OS=Windows_NT
PROCESSOR_IDENTIFIER=Intel64 Family 6 Model 142 Stepping 11, GenuineIntel



---------------  S Y S T E M  ---------------

OS: Windows 8.1 , 64 bit Build 9600 

CPU:total 8 (4 cores per cpu, 2 threads per core) family 6 model 142 stepping 11, cmov, cx8, fxsr, mmx, sse, sse2, sse3, ssse3, sse4.1, sse4.2, popcnt, avx, avx2, aes, clmul, erms, ht, tsc, tscinvbit

Memory: 4k page, physical 16621628k(9546176k free), swap 29249676k(5120k free)

vm_info: Java HotSpot(TM) 64-Bit Server VM (25.11-b03) for windows-amd64 JRE (1.8.0_11-b12), built on Jun 16 2014 20:57:32 by "java_re" with MS VC++ 10.0 (VS2010)

time: Thu Oct 22 11:13:28 2020
elapsed time: 1 seconds

