JvmtiExport can_access_local_variables 0
JvmtiExport can_hotswap_or_post_breakpoint 0
JvmtiExport can_post_on_exceptions 0
# 154 ciObject found
ciMethod java/lang/CharSequence length ()I 0 0 1 0 -1
ciMethod java/lang/CharSequence charAt (I)C 0 0 1 0 -1
ciMethod java/lang/String length ()I 4097 1 117560 0 64
ciMethod java/lang/String charAt (I)C 4097 1 457727 0 128
ciMethod java/lang/Character isHighSurrogate (C)Z 3481 1 10237 0 0
ciMethod java/lang/Character isLowSurrogate (C)Z 0 0 1 0 0
ciMethod java/lang/Character charCount (I)I 17 1 30954 0 0
ciMethod java/lang/Character toCodePoint (CC)I 0 0 1 0 0
ciMethod java/lang/Character codePointAt (Ljava/lang/CharSequence;I)I 2105 1 5097 0 0
ciMethodData java/lang/String charAt (I)C 2 457727 orig 144 152 11 150 117 0 0 0 0 56 61 169 27 0 0 0 0 0 1 0 0 32 0 0 0 0 0 0 0 0 0 0 0 0 0 0 0 0 0 0 0 0 0 0 0 0 0 0 0 0 0 0 0 0 0 0 0 0 0 0 0 0 0 0 0 25 0 0 0 0 0 0 0 0 0 0 0 0 0 0 0 1 0 0 0 0 0 0 0 0 0 0 0 0 0 0 0 0 2 0 0 249 207 55 0 1 0 0 0 0 0 0 0 0 0 0 0 0 0 0 0 4 0 1 0 80 0 0 0 255 255 255 255 0 0 0 0 7 0 1 0 0 0 0 0 data 10 0x10007 0x0 0x40 0x6f9fd 0xa0007 0x6f9fd 0x30 0x0 0x120002 0x0 oops 0
ciMethodData java/lang/String length ()I 2 117560 orig 144 152 11 150 117 0 0 0 0 232 59 169 27 0 0 0 0 168 0 0 0 0 0 0 0 0 0 0 0 0 0 0 0 0 0 0 0 0 0 0 0 0 0 0 0 0 0 0 0 0 0 0 0 0 0 0 0 0 0 0 0 0 0 0 0 1 0 0 0 0 0 0 0 0 0 0 0 0 0 0 0 1 0 0 0 0 0 0 0 0 0 0 0 0 0 0 0 0 2 0 0 193 73 14 0 1 0 0 0 0 0 0 0 0 0 0 0 0 0 0 0 4 0 1 0 0 0 0 0 255 255 255 255 0 0 0 0 0 0 0 0 0 0 0 0 data 0 oops 0
ciMethodData java/lang/Character charCount (I)I 2 30954 orig 144 152 11 150 117 0 0 0 0 56 38 177 27 0 0 0 0 224 0 0 0 0 0 0 0 0 0 0 0 0 0 0 0 0 0 0 0 0 0 0 0 0 0 0 0 0 0 0 0 0 0 0 0 0 0 0 0 0 0 0 0 0 0 0 0 25 0 0 0 0 0 0 0 0 0 0 0 0 0 0 0 0 0 0 0 0 0 0 0 0 0 0 0 0 0 0 0 2 0 0 0 65 199 3 0 1 0 0 0 0 0 0 0 0 0 0 0 0 0 6 0 3 0 1 0 56 0 0 0 255 255 255 255 0 0 0 0 7 0 3 0 0 0 0 0 data 7 0x30007 0x78e8 0x38 0x0 0x70003 0x0 0x18 oops 0
ciMethod java/util/regex/Pattern inRange (III)Z 2073 1 5392 0 0
ciMethod java/util/regex/Pattern access$200 (III)Z 2073 1 5392 0 0
ciMethod java/util/regex/Pattern$Node match (Ljava/util/regex/Matcher;ILjava/lang/CharSequence;)Z 2249 1 1331 0 128
ciMethod java/util/regex/Pattern$LastNode match (Ljava/util/regex/Matcher;ILjava/lang/CharSequence;)Z 2049 1 1485 0 0
ciMethod java/util/regex/Pattern$GroupHead match (Ljava/util/regex/Matcher;ILjava/lang/CharSequence;)Z 2065 1 1688 0 0
ciMethod java/util/regex/Pattern$GroupTail match (Ljava/util/regex/Matcher;ILjava/lang/CharSequence;)Z 2049 1 1680 0 0
ciMethod java/util/regex/Pattern$BitClass isSatisfiedBy (I)Z 2057 1 359 0 0
ciMethod java/util/regex/Pattern$BmpCharProperty match (Ljava/util/regex/Matcher;ILjava/lang/CharSequence;)Z 3617 1 5573 0 384
ciMethod java/util/regex/Pattern$CharProperty isSatisfiedBy (I)Z 0 0 1 0 -1
ciMethod java/util/regex/Pattern$CharProperty match (Ljava/util/regex/Matcher;ILjava/lang/CharSequence;)Z 2233 1 5415 0 1376
ciMethod java/util/regex/Pattern$1 isSatisfiedBy (I)Z 2073 1 5392 0 64
ciMethod java/util/regex/Pattern$5 isSatisfiedBy (I)Z 4097 1 6045 0 736
ciMethod java/util/regex/Pattern$Curly match (Ljava/util/regex/Matcher;ILjava/lang/CharSequence;)Z 2065 1985 1692 0 0
ciMethod java/util/regex/Pattern$Curly match0 (Ljava/util/regex/Matcher;IILjava/lang/CharSequence;)Z 2025 10769 1684 0 0
ciMethod java/util/regex/Pattern$Curly match1 (Ljava/util/regex/Matcher;IILjava/lang/CharSequence;)Z 0 0 1 0 -1
ciMethod java/util/regex/Pattern$Curly match2 (Ljava/util/regex/Matcher;IILjava/lang/CharSequence;)Z 0 0 1 0 -1
ciMethod java/util/regex/Pattern$Branch match (Ljava/util/regex/Matcher;ILjava/lang/CharSequence;)Z 3241 9505 2225 0 0
ciMethod java/util/regex/Matcher match (II)Z 825 16481 923 0 -1
ciMethodData java/util/regex/Pattern$BmpCharProperty match (Ljava/util/regex/Matcher;ILjava/lang/CharSequence;)Z 2 5573 orig 144 152 11 150 117 0 0 0 0 184 252 229 27 0 0 0 0 200 1 0 0 0 0 0 0 0 0 0 0 0 0 0 0 0 0 0 0 0 0 0 0 0 0 0 0 0 0 0 0 0 0 0 0 0 0 0 0 0 0 0 0 0 0 0 0 0 0 0 0 0 0 0 0 0 0 0 0 0 0 0 0 0 0 0 0 0 0 0 0 0 0 0 0 0 0 0 0 196 1 0 0 9 160 0 0 1 0 0 0 0 0 0 0 0 0 0 0 0 0 11 0 4 0 1 0 8 1 0 0 255 255 255 255 0 0 0 0 7 0 5 0 0 0 0 0 data 33 0x50007 0x2 0x108 0x13ff 0xb0005 0x0 0x1e522fa0 0x13ff 0x0 0x0 0x100005 0x0 0x1f268ff0 0x13f1 0x1f526a00 0xe 0x130007 0x11d8 0x88 0x227 0x1f0005 0x1e3 0x1f526ab0 0x3c 0x1f2858f0 0x8 0x220007 0x0 0x38 0x227 0x260003 0x227 0x18 oops 5 6 java/lang/String 12 java/util/regex/Pattern$Single 14 java/util/regex/Pattern$Ctype 22 java/util/regex/Pattern$BranchConn 24 java/util/regex/Pattern$Node
ciMethodData java/util/regex/Pattern$Branch match (Ljava/util/regex/Matcher;ILjava/lang/CharSequence;)Z 2 6415 orig 144 152 11 150 117 0 0 0 0 208 48 230 27 0 0 0 0 184 1 0 0 192 0 0 0 0 0 0 0 0 0 0 0 0 0 0 0 0 0 0 0 0 0 0 0 0 0 0 0 0 0 0 0 0 0 0 0 0 0 0 0 0 0 0 0 0 0 0 0 0 0 0 0 0 0 0 0 0 0 0 0 0 0 0 0 0 0 0 0 0 0 0 0 0 0 0 0 164 4 0 0 225 56 0 0 89 163 0 0 0 0 0 0 0 0 0 0 1 0 13 0 3 0 1 0 248 0 0 0 255 255 255 255 0 0 0 0 7 0 9 0 0 0 0 0 data 31 0x90007 0x649 0xf8 0x153e 0x130007 0x153e 0x70 0x0 0x200005 0x0 0x0 0x0 0x0 0x0 0x230007 0x0 0x70 0x0 0x320005 0x4ee 0x1f268ff0 0xc67 0x1f2690a0 0x3e9 0x350007 0x146b 0x20 0xd3 0x3d0003 0x146b 0xffffffffffffff20 oops 2 20 java/util/regex/Pattern$Single 22 java/util/regex/Pattern$Slice
ciMethodData java/util/regex/Pattern$5 isSatisfiedBy (I)Z 2 6045 orig 144 152 11 150 117 0 0 0 0 16 17 230 27 0 0 0 0 104 1 0 0 128 0 0 0 0 0 0 0 0 0 0 0 0 0 0 0 0 0 0 0 0 0 0 0 0 0 0 0 0 0 0 0 0 0 0 0 0 0 0 0 0 0 0 0 0 0 0 0 0 0 0 0 0 0 0 0 0 0 0 0 0 0 0 0 0 0 0 0 0 0 0 0 0 0 0 0 0 2 0 0 233 172 0 0 1 0 0 0 0 0 0 0 0 0 0 0 0 0 9 0 4 0 1 0 184 0 0 0 255 255 255 255 0 0 0 0 5 0 5 0 0 0 0 0 data 23 0x50005 0x1 0x1e858a50 0x125 0x1f24e290 0x1477 0x80007 0x143f 0x70 0x15e 0x100005 0x0 0x1e858a50 0x2a 0x1e858b00 0x134 0x130007 0x15c 0x38 0x2 0x170003 0x1441 0x18 oops 4 2 java/util/regex/Pattern$1 4 java/util/regex/Pattern$5 12 java/util/regex/Pattern$1 14 java/util/regex/Pattern$BitClass
ciMethodData java/lang/Character isHighSurrogate (C)Z 2 10237 orig 144 152 11 150 117 0 0 0 0 176 35 177 27 0 0 0 0 0 1 0 0 0 0 0 0 0 0 0 0 0 0 0 0 0 0 0 0 0 0 0 0 0 0 0 0 0 0 0 0 0 0 0 0 0 0 0 0 0 0 0 0 0 0 0 0 0 0 0 0 0 0 0 0 0 0 0 0 0 0 0 0 0 0 0 0 0 0 0 0 0 0 0 0 0 0 0 0 179 1 0 0 81 50 1 0 1 0 0 0 0 0 0 0 0 0 0 0 0 0 9 0 3 0 1 0 88 0 0 0 255 255 255 255 0 0 0 0 7 0 3 0 0 0 0 0 data 11 0x30007 0x264a 0x58 0x0 0x90007 0x0 0x38 0x0 0xd0003 0x0 0x18 oops 0
ciMethodData java/util/regex/Pattern$1 isSatisfiedBy (I)Z 2 5392 orig 144 152 11 150 117 0 0 0 0 248 12 230 27 0 0 0 0 192 0 0 0 0 0 0 0 0 0 0 0 0 0 0 0 0 0 0 0 0 0 0 0 0 0 0 0 0 0 0 0 0 0 0 0 0 0 0 0 0 0 0 0 0 0 0 0 0 0 0 0 0 0 0 0 0 0 0 0 0 0 0 0 0 0 0 0 0 0 0 0 0 0 0 0 0 0 0 0 3 1 0 0 105 160 0 0 1 0 0 0 0 0 0 0 0 0 0 0 0 0 11 0 4 0 1 0 16 0 0 0 255 255 255 255 0 0 0 0 2 0 9 0 0 0 0 0 data 2 0x90002 0x140d oops 0
ciMethodData java/util/regex/Pattern access$200 (III)Z 2 5392 orig 144 152 11 150 117 0 0 0 0 48 177 229 27 0 0 0 0 200 0 0 0 0 0 0 0 0 0 0 0 0 0 0 0 0 0 0 0 0 0 0 0 0 0 0 0 0 0 0 0 0 0 0 0 0 0 0 0 0 0 0 0 0 0 0 0 0 0 0 0 0 0 0 0 0 0 0 0 0 0 0 0 0 0 0 0 0 0 0 0 0 0 0 0 0 0 0 0 3 1 0 0 105 160 0 0 1 0 0 0 0 0 0 0 0 0 0 0 0 0 0 0 0 0 1 0 16 0 0 0 255 255 255 255 0 0 0 0 2 0 3 0 0 0 0 0 data 2 0x30002 0x140d oops 0
ciMethodData java/util/regex/Pattern inRange (III)Z 2 5392 orig 144 152 11 150 117 0 0 0 0 208 170 229 27 0 0 0 0 16 1 0 0 0 0 0 0 0 0 0 0 0 0 0 0 0 0 0 0 0 0 0 0 0 0 0 0 0 0 0 0 0 0 0 0 0 0 0 0 0 0 0 0 0 0 0 0 0 0 0 0 0 0 0 0 0 0 0 0 0 0 0 0 0 0 0 0 0 0 0 0 0 0 0 0 0 0 0 0 3 1 0 0 105 160 0 0 1 0 0 0 0 0 0 0 0 0 0 0 0 0 0 0 0 0 1 0 88 0 0 0 255 255 255 255 0 0 0 0 7 0 2 0 0 0 0 0 data 11 0x20007 0x14c 0x58 0x12c1 0x70007 0x1 0x38 0x12c0 0xb0003 0x12c0 0x18 oops 0
ciMethodData java/util/regex/Pattern$BitClass isSatisfiedBy (I)Z 1 359 orig 144 152 11 150 117 0 0 0 0 16 248 229 27 0 0 0 0 8 1 0 0 0 0 0 0 0 0 0 0 0 0 0 0 0 0 0 0 0 0 0 0 0 0 0 0 0 0 0 0 0 0 0 0 0 0 0 0 0 0 0 0 0 0 0 0 0 0 0 0 0 0 0 0 0 0 0 0 0 0 0 0 0 0 0 0 0 0 0 0 0 0 0 0 0 0 0 0 1 1 0 0 49 3 0 0 1 0 0 0 0 0 0 0 0 0 0 0 0 0 9 0 3 0 1 0 88 0 0 0 255 255 255 255 0 0 0 0 7 0 4 0 0 0 0 0 data 11 0x40007 0x0 0x58 0x66 0xd0007 0x66 0x38 0x0 0x110003 0x0 0x18 oops 0
ciMethodData java/util/regex/Pattern$CharProperty match (Ljava/util/regex/Matcher;ILjava/lang/CharSequence;)Z 2 5415 orig 144 152 11 150 117 0 0 0 0 88 3 230 27 0 0 0 0 184 1 0 0 0 0 0 0 0 0 0 0 0 0 0 0 0 0 0 0 0 0 0 0 0 0 0 0 0 0 0 0 0 0 0 0 0 0 0 0 0 0 0 0 0 0 0 0 0 0 0 0 0 0 0 0 0 0 0 0 0 0 0 0 0 0 0 0 0 0 0 0 0 0 0 0 0 0 0 0 23 1 0 0 129 160 0 0 1 0 0 0 0 0 0 0 0 0 0 0 0 0 15 0 4 0 1 0 248 0 0 0 255 255 255 255 0 0 0 0 7 0 5 0 0 0 0 0 data 31 0x50007 0x12e 0xf8 0x12e2 0xa0002 0x12e2 0x120005 0x0 0x1f24e290 0x12e2 0x0 0x0 0x150007 0x130 0x98 0x11b2 0x200002 0x11b2 0x250005 0x0 0x1f2858f0 0x11b2 0x0 0x0 0x280007 0x0 0x38 0x11b2 0x2c0003 0x11b2 0x18 oops 2 8 java/util/regex/Pattern$5 20 java/util/regex/Pattern$Node
ciMethodData java/lang/Character codePointAt (Ljava/lang/CharSequence;I)I 2 5097 orig 144 152 11 150 117 0 0 0 0 152 39 177 27 0 0 0 0 208 1 0 0 0 0 0 0 0 0 0 0 0 0 0 0 0 0 0 0 0 0 0 0 0 0 0 0 0 0 0 0 0 0 0 0 0 0 0 0 0 0 0 0 0 0 0 0 0 0 0 0 0 0 0 0 0 0 0 0 0 0 0 0 0 0 0 0 0 0 0 0 0 0 0 0 0 0 0 0 7 1 0 0 17 151 0 0 1 0 0 0 0 0 0 0 0 0 0 0 0 0 24 0 3 0 1 0 32 1 0 0 255 255 255 255 0 0 0 0 5 0 2 0 0 0 0 0 data 36 0x20005 0x0 0x1e522fa0 0x12e2 0x0 0x0 0x90002 0x12e2 0xc0007 0x12e2 0xe0 0x0 0x140005 0x0 0x0 0x0 0x0 0x0 0x190007 0x0 0x90 0x0 0x1e0005 0x0 0x0 0x0 0x0 0x0 0x250002 0x0 0x280007 0x0 0x30 0x0 0x2d0002 0x0 oops 1 2 java/lang/String
ciMethodData java/util/regex/Pattern$Node match (Ljava/util/regex/Matcher;ILjava/lang/CharSequence;)Z 2 1331 orig 144 152 11 150 117 0 0 0 0 160 223 229 27 0 0 0 0 192 0 0 0 0 0 0 0 0 0 0 0 0 0 0 0 0 0 0 0 0 0 0 0 0 0 0 0 0 0 0 0 0 0 0 0 0 0 0 0 0 0 0 0 0 0 0 0 0 0 0 0 0 0 0 0 0 0 0 0 0 0 0 0 0 0 0 0 0 0 0 0 0 0 0 0 0 0 0 0 25 1 0 0 209 32 0 0 1 0 0 0 0 0 0 0 0 0 0 0 0 0 3 0 4 0 0 0 0 0 0 0 255 255 255 255 0 0 0 0 0 0 0 0 0 0 0 0 data 0 oops 0
ciMethodData java/util/regex/Matcher match (II)Z 2 18460 orig 144 152 11 150 117 0 0 0 0 96 243 7 28 0 0 0 0 184 1 0 0 88 0 0 0 0 0 0 0 0 0 0 0 0 0 0 0 0 0 0 0 0 0 0 0 0 0 0 0 0 0 0 0 0 0 0 0 0 0 0 0 0 0 0 0 0 0 0 0 0 0 0 0 0 0 0 0 0 0 0 0 0 0 0 0 0 0 0 0 0 0 0 0 0 0 0 0 12 8 0 0 161 25 0 0 129 0 2 0 0 0 0 0 0 0 0 0 1 0 15 0 3 0 1 0 248 0 0 0 255 255 255 255 0 0 0 0 7 0 11 0 0 0 0 0 data 31 0xb0007 0x334 0x38 0x0 0xf0003 0x0 0x18 0x1e0007 0x0 0x38 0x334 0x220003 0x334 0x18 0x340007 0x334 0x38 0x4010 0x410003 0x4010 0xffffffffffffffe0 0x560005 0x0 0x1f282930 0x34 0x1f2829e0 0x300 0x5b0007 0x330 0x20 0x4 oops 2 23 java/util/regex/Pattern$Branch 25 java/util/regex/Pattern$GroupHead
ciMethodData java/util/regex/Pattern$LastNode match (Ljava/util/regex/Matcher;ILjava/lang/CharSequence;)Z 2 1485 orig 144 152 11 150 117 0 0 0 0 80 229 229 27 0 0 0 0 0 1 0 0 0 0 0 0 0 0 0 0 0 0 0 0 0 0 0 0 0 0 0 0 0 0 0 0 0 0 0 0 0 0 0 0 0 0 0 0 0 0 0 0 0 0 0 0 0 0 0 0 0 0 0 0 0 0 0 0 0 0 0 0 0 0 0 0 0 0 0 0 0 0 0 0 0 0 0 0 0 1 0 0 105 38 0 0 1 0 0 0 0 0 0 0 0 0 0 0 0 0 8 0 3 0 1 0 64 0 0 0 255 255 255 255 0 0 0 0 7 0 5 0 0 0 0 0 data 8 0x50007 0x49d 0x40 0x30 0xd0007 0x30 0x20 0x0 oops 0
ciMethodData java/util/regex/Pattern$Curly match (Ljava/util/regex/Matcher;ILjava/lang/CharSequence;)Z 2 1692 orig 144 152 11 150 117 0 0 0 0 64 23 230 27 0 0 0 0 48 2 0 0 16 1 0 0 0 0 0 0 0 0 0 0 0 0 0 0 0 0 0 0 0 0 0 0 0 0 0 0 0 0 0 0 0 0 0 0 0 0 0 0 0 0 0 0 0 0 0 0 0 0 0 0 0 0 0 0 0 0 0 0 0 0 0 0 0 0 0 0 0 0 0 0 0 0 0 0 2 1 0 0 209 44 0 0 161 44 0 0 0 0 0 0 0 0 0 0 1 0 13 0 3 0 1 0 112 1 0 0 255 255 255 255 0 0 0 0 7 0 9 0 0 0 0 0 data 46 0x90007 0x597 0xa0 0x597 0x130005 0x0 0x1f24e290 0x597 0x0 0x0 0x160007 0x3 0x38 0x594 0x1e0003 0x594 0x18 0x260003 0x594 0xffffffffffffff78 0x2d0007 0x0 0x50 0x597 0x360005 0x0 0x1f26ac20 0x597 0x0 0x0 0x3f0007 0x0 0x50 0x0 0x480005 0x0 0x0 0x0 0x0 0x0 0x520005 0x0 0x0 0x0 0x0 0x0 oops 2 6 java/util/regex/Pattern$5 26 java/util/regex/Pattern$Curly
ciMethodData java/util/regex/Pattern$Curly match0 (Ljava/util/regex/Matcher;IILjava/lang/CharSequence;)Z 2 9200 orig 144 152 11 150 117 0 0 0 0 152 24 230 27 0 0 0 0 112 3 0 0 208 1 0 0 0 0 0 0 0 0 0 0 0 0 0 0 0 0 0 0 0 0 0 0 0 0 0 0 0 0 0 0 0 0 0 0 0 0 0 0 0 0 0 0 0 0 0 0 0 0 0 0 0 0 0 0 0 0 0 0 0 0 0 0 0 0 0 0 0 0 0 0 0 0 0 0 66 5 0 0 185 44 0 0 113 245 0 0 0 0 0 0 0 0 0 0 2 0 24 0 3 0 1 0 160 2 0 0 255 255 255 255 0 0 0 0 7 0 5 0 0 0 0 0 data 84 0x50007 0x597 0x50 0x0 0x100005 0x0 0x0 0x0 0x0 0x0 0x1f0005 0x0 0x1f24e290 0x597 0x0 0x0 0x220007 0x3 0x1f0 0x594 0x2f0007 0x594 0x38 0x0 0x320003 0x0 0x1b0 0x420007 0x0 0x110 0x2442 0x4d0005 0x0 0x1f24e290 0x2442 0x0 0x0 0x500007 0x1eae 0x38 0x594 0x530003 0x594 0xa0 0x5e0007 0x1eae 0x70 0x0 0x6c0005 0x0 0x0 0x0 0x0 0x0 0x6f0007 0x0 0x38 0x0 0x7c0003 0x1eae 0xffffffffffffff08 0x820007 0x0 0x88 0x594 0x8d0005 0x0 0x1e714df0 0x594 0x0 0x0 0x900007 0x0 0x20 0x594 0x9d0003 0x0 0xffffffffffffff90 0xaa0005 0x0 0x1f268ff0 0x3 0x0 0x0 oops 4 12 java/util/regex/Pattern$5 33 java/util/regex/Pattern$5 67 java/util/regex/Pattern$GroupTail 80 java/util/regex/Pattern$Single
ciMethodData java/util/regex/Pattern$GroupHead match (Ljava/util/regex/Matcher;ILjava/lang/CharSequence;)Z 2 1688 orig 144 152 11 150 117 0 0 0 0 104 234 229 27 0 0 0 0 240 0 0 0 0 0 0 0 0 0 0 0 0 0 0 0 0 0 0 0 0 0 0 0 0 0 0 0 0 0 0 0 0 0 0 0 0 0 0 0 0 0 0 0 0 0 0 0 0 0 0 0 0 0 0 0 0 0 0 0 0 0 0 0 0 0 0 0 0 0 0 0 0 0 0 0 0 0 0 0 2 1 0 0 177 44 0 0 1 0 0 0 0 0 0 0 0 0 0 0 0 0 3 0 3 0 1 0 48 0 0 0 255 255 255 255 0 0 0 0 5 0 28 0 0 0 0 0 data 6 0x1c0005 0x0 0x1f26ac20 0x596 0x0 0x0 oops 1 2 java/util/regex/Pattern$Curly
ciMethodData java/util/regex/Pattern$GroupTail match (Ljava/util/regex/Matcher;ILjava/lang/CharSequence;)Z 2 1680 orig 144 152 11 150 117 0 0 0 0 200 240 229 27 0 0 0 0 56 1 0 0 0 0 0 0 0 0 0 0 0 0 0 0 0 0 0 0 0 0 0 0 0 0 0 0 0 0 0 0 0 0 0 0 0 0 0 0 0 0 0 0 0 0 0 0 0 0 0 0 0 0 0 0 0 0 0 0 0 0 0 0 0 0 0 0 0 0 0 0 0 0 0 0 0 0 0 0 0 1 0 0 129 44 0 0 1 0 0 0 0 0 0 0 0 0 0 0 0 0 7 0 3 0 1 0 112 0 0 0 255 255 255 255 0 0 0 0 7 0 13 0 0 0 0 0 data 14 0xd0007 0x0 0x70 0x590 0x460005 0x0 0x1f268ff0 0x2c8 0x1f521ee0 0x2c8 0x490007 0x0 0x20 0x590 oops 2 6 java/util/regex/Pattern$Single 8 java/util/regex/Pattern$LastNode
instanceKlass sun/nio/cs/UTF_8$1
instanceKlass sun/security/ssl/Alerts
instanceKlass java/util/Collections$UnmodifiableList$1
instanceKlass com/alibaba/fastjson/util/ServiceLoader
instanceKlass com/alibaba/fastjson/serializer/AutowiredObjectSerializer
instanceKlass com/alibaba/fastjson/serializer/ReferenceCodec
instanceKlass java/util/concurrent/atomic/AtomicReference
instanceKlass com/alibaba/fastjson/serializer/AtomicCodec
instanceKlass com/alibaba/fastjson/serializer/ToStringSerializer
instanceKlass com/alibaba/fastjson/serializer/AppendableSerializer
instanceKlass com/alibaba/fastjson/serializer/MiscCodec
instanceKlass com/alibaba/fastjson/serializer/ObjectArrayCodec
instanceKlass com/alibaba/fastjson/serializer/PrimitiveArraySerializer
instanceKlass com/alibaba/fastjson/serializer/StringCodec
instanceKlass com/alibaba/fastjson/serializer/BigIntegerCodec
instanceKlass com/alibaba/fastjson/serializer/BigDecimalCodec
instanceKlass com/alibaba/fastjson/serializer/DoubleSerializer
instanceKlass com/alibaba/fastjson/serializer/FloatCodec
instanceKlass com/alibaba/fastjson/serializer/LongCodec
instanceKlass com/alibaba/fastjson/serializer/IntegerCodec
instanceKlass com/alibaba/fastjson/serializer/CharacterCodec
instanceKlass com/alibaba/fastjson/serializer/BooleanCodec
instanceKlass com/alibaba/fastjson/parser/deserializer/FieldDeserializer
instanceKlass com/alibaba/fastjson/serializer/BeanContext
instanceKlass com/alibaba/fastjson/parser/deserializer/ExtraTypeProvider
instanceKlass com/alibaba/fastjson/parser/deserializer/ExtraProcessable
instanceKlass com/alibaba/fastjson/parser/deserializer/ExtraProcessor
instanceKlass com/alibaba/fastjson/parser/deserializer/ParseProcess
instanceKlass com/alibaba/fastjson/parser/deserializer/AutowiredObjectDeserializer
instanceKlass com/alibaba/fastjson/parser/SymbolTable
instanceKlass com/alibaba/fastjson/parser/JSONToken
instanceKlass com/alibaba/fastjson/parser/ParseContext
instanceKlass com/alibaba/fastjson/parser/JSONLexerBase
instanceKlass com/alibaba/fastjson/parser/JSONLexer
instanceKlass com/alibaba/fastjson/parser/DefaultJSONParser
instanceKlass com/alibaba/fastjson/parser/ParserConfig
instanceKlass com/alibaba/fastjson/parser/deserializer/JavaBeanDeserializer
instanceKlass com/alibaba/fastjson/parser/deserializer/ObjectDeserializer
instanceKlass com/alibaba/fastjson/serializer/ContextObjectSerializer
instanceKlass com/alibaba/fastjson/serializer/ValueFilter
instanceKlass com/alibaba/fastjson/serializer/PropertyPreFilter
instanceKlass com/alibaba/fastjson/serializer/PropertyFilter
instanceKlass com/alibaba/fastjson/serializer/NameFilter
instanceKlass com/alibaba/fastjson/serializer/BeforeFilter
instanceKlass com/alibaba/fastjson/serializer/AfterFilter
instanceKlass com/alibaba/fastjson/serializer/ContextValueFilter
instanceKlass com/alibaba/fastjson/serializer/LabelFilter
instanceKlass com/alibaba/fastjson/serializer/Labels
instanceKlass com/alibaba/fastjson/serializer/SerializeBeanInfo
instanceKlass com/alibaba/fastjson/util/JavaBeanInfo
instanceKlass com/alibaba/fastjson/util/ParameterizedTypeImpl
instanceKlass com/alibaba/fastjson/util/IOUtils
instanceKlass com/alibaba/fastjson/util/TypeUtils
instanceKlass com/alibaba/fastjson/util/FieldInfo
instanceKlass com/alibaba/fastjson/TypeReference
instanceKlass com/alibaba/fastjson/JSONWriter
instanceKlass com/alibaba/fastjson/JSONReader
instanceKlass com/alibaba/fastjson/JSONPath
instanceKlass com/alibaba/fastjson/util/ASMClassLoader$1
instanceKlass com/alibaba/fastjson/serializer/SerialContext
instanceKlass com/alibaba/fastjson/asm/MethodVisitor
instanceKlass com/alibaba/fastjson/serializer/ASMSerializerFactory
instanceKlass com/alibaba/fastjson/asm/Opcodes
instanceKlass com/alibaba/fastjson/util/IdentityHashMap$Entry
instanceKlass com/alibaba/fastjson/util/IdentityHashMap
instanceKlass com/alibaba/fastjson/util/ASMUtils
instanceKlass com/alibaba/fastjson/serializer/ObjectSerializer
instanceKlass com/alibaba/fastjson/serializer/SerializeConfig
instanceKlass com/alibaba/fastjson/serializer/SerializeFilterable
instanceKlass com/google/gson/internal/bind/ObjectTypeAdapter$2
instanceKlass com/google/gson/internal/JsonReaderInternalAccess
instanceKlass okio/ForwardingSource
instanceKlass okhttp3/internal/http1/Http1Codec$AbstractSource
instanceKlass okhttp3/internal/http/HttpHeaders
instanceKlass okhttp3/Response$Builder
instanceKlass okhttp3/internal/http/StatusLine
instanceKlass okio/Segment
instanceKlass okio/SegmentPool
instanceKlass okhttp3/internal/http/RequestLine
instanceKlass okhttp3/internal/http1/Http1Codec
instanceKlass okhttp3/Handshake
instanceKlass sun/security/ssl/CipherBox$1
instanceKlass sun/security/internal/spec/TlsPrfParameterSpec
instanceKlass sun/security/internal/spec/TlsKeyMaterialSpec
instanceKlass sun/security/internal/spec/TlsKeyMaterialParameterSpec
instanceKlass com/sun/crypto/provider/TlsMasterSecretGenerator$TlsMasterSecretKey
instanceKlass sun/security/internal/interfaces/TlsMasterSecret
instanceKlass javax/crypto/KeyGeneratorSpi
instanceKlass javax/crypto/KeyGenerator
instanceKlass sun/security/internal/spec/TlsMasterSecretParameterSpec
